{
  data: {
    'Employee ID': 'EMP912e48',
    Name: 'Rose Lubowitz',
    'Gross Pay': 250894,
    'Leave Days': 0,
    'Non billable hours': '208 hr',
    'Present Days': 0,
    'LWP Days': 26,
    'Last month LWP deduction': '0 (LWP days last month : 0 * 8 * Salary per hour : 1206.2211538461538)',
    'Salary Deducted': 250894,
    'Net Pay': 0,
    'Basic Pay': 250284,
    'Grade Pay': 43,
    Allowances: [
      { 'Allowance Name': 'DA', 'Allowance Amount': 122 },
      { 'Allowance Name': 'HRA', 'Allowance Amount': 122 },
      { 'Allowance Name': 'DP(A)', 'Allowance Amount': 122 },
      { 'Allowance Name': 'IR(A)', 'Allowance Amount': 122 },
      { 'Allowance Name': 'SP(A)', 'Allowance Amount': 122 }
    ],
    Deductions: [
      { 'Deduction Name': 'GPF', 'Deduction Amount': 500 },
      {
        'Deduction Name': 'EPF (12% of Basic Pay: 250284 + DA amount: 122)',
        'Deduction Amount': 2900
      },
      {
        'Deduction Name': 'PT (Basic Pay: 250284 is above 66666)',
        'Deduction Amount': 120
      },
      {
        'Deduction Name': 'ESIC (Basic Pay: 250284 * 0.0175)',
        'Deduction Amount': 550
      }
    ]
  },
  level: 'info',
  message: 'Calculated Net Pay',
  timestamp: '27/4/2024, 5:53:00 pm'
}
{
  data: {
    'Employee ID': 'EMP912e41',
    Name: 'Tiffany Ratke',
    'Gross Pay': 113565,
    'Leave Days': 0,
    'Non billable hours': '208 hr',
    'Present Days': 0,
    'LWP Days': 26,
    'Last month LWP deduction': '0 (LWP days last month : 0 * 8 * Salary per hour : 545.9855769230769)',
    'Salary Deducted': 113565,
    'Net Pay': 0,
    'Basic Pay': 112955,
    'Grade Pay': 43,
    Allowances: [
      { 'Allowance Name': 'DA', 'Allowance Amount': 122 },
      { 'Allowance Name': 'HRA', 'Allowance Amount': 122 },
      { 'Allowance Name': 'DP(A)', 'Allowance Amount': 122 },
      { 'Allowance Name': 'IR(A)', 'Allowance Amount': 122 },
      { 'Allowance Name': 'SP(A)', 'Allowance Amount': 122 }
    ],
    Deductions: [
      { 'Deduction Name': 'GPF', 'Deduction Amount': 500 },
      {
        'Deduction Name': 'EPF (12% of Basic Pay: 112955 + DA amount: 122)',
        'Deduction Amount': 2900
      },
      {
        'Deduction Name': 'PT (Basic Pay: 112955 is above 66666)',
        'Deduction Amount': 120
      },
      {
        'Deduction Name': 'ESIC (Basic Pay: 112955 * 0.0175)',
        'Deduction Amount': 550
      }
    ]
  },
  level: 'info',
  message: 'Calculated Net Pay',
  timestamp: '27/4/2024, 5:53:00 pm'
}
{
  data: {
    'Employee ID': 'EMP912e44',
    Name: 'Jordan Swift',
    'Gross Pay': 297084,
    'Leave Days': 0,
    'Non billable hours': '208 hr',
    'Present Days': 0,
    'LWP Days': 26,
    'Last month LWP deduction': '0 (LWP days last month : 0 * 8 * Salary per hour : 1428.2884615384614)',
    'Salary Deducted': 297084,
    'Net Pay': 0,
    'Basic Pay': 296474,
    'Grade Pay': 43,
    Allowances: [
      { 'Allowance Name': 'DA', 'Allowance Amount': 122 },
      { 'Allowance Name': 'HRA', 'Allowance Amount': 122 },
      { 'Allowance Name': 'DP(A)', 'Allowance Amount': 122 },
      { 'Allowance Name': 'IR(A)', 'Allowance Amount': 122 },
      { 'Allowance Name': 'SP(A)', 'Allowance Amount': 122 }
    ],
    Deductions: [
      { 'Deduction Name': 'GPF', 'Deduction Amount': 500 },
      {
        'Deduction Name': 'EPF (12% of Basic Pay: 296474 + DA amount: 122)',
        'Deduction Amount': 2900
      },
      {
        'Deduction Name': 'PT (Basic Pay: 296474 is above 66666)',
        'Deduction Amount': 120
      },
      {
        'Deduction Name': 'ESIC (Basic Pay: 296474 * 0.0175)',
        'Deduction Amount': 550
      }
    ]
  },
  level: 'info',
  message: 'Calculated Net Pay',
  timestamp: '27/4/2024, 5:53:00 pm'
}
{
  data: {
    'Employee ID': 'EMP912e45',
    Name: 'Mr. Nicholas Strosin',
    'Gross Pay': 279130,
    'Leave Days': 0,
    'Non billable hours': '208 hr',
    'Present Days': 0,
    'LWP Days': 26,
    'Last month LWP deduction': '0 (LWP days last month : 0 * 8 * Salary per hour : 1341.9711538461538)',
    'Salary Deducted': 279130,
    'Net Pay': 0,
    'Basic Pay': 278520,
    'Grade Pay': 43,
    Allowances: [
      { 'Allowance Name': 'DA', 'Allowance Amount': 122 },
      { 'Allowance Name': 'HRA', 'Allowance Amount': 122 },
      { 'Allowance Name': 'DP(A)', 'Allowance Amount': 122 },
      { 'Allowance Name': 'IR(A)', 'Allowance Amount': 122 },
      { 'Allowance Name': 'SP(A)', 'Allowance Amount': 122 }
    ],
    Deductions: [
      { 'Deduction Name': 'GPF', 'Deduction Amount': 500 },
      {
        'Deduction Name': 'EPF (12% of Basic Pay: 278520 + DA amount: 122)',
        'Deduction Amount': 2900
      },
      {
        'Deduction Name': 'PT (Basic Pay: 278520 is above 66666)',
        'Deduction Amount': 120
      },
      {
        'Deduction Name': 'ESIC (Basic Pay: 278520 * 0.0175)',
        'Deduction Amount': 550
      }
    ]
  },
  level: 'info',
  message: 'Calculated Net Pay',
  timestamp: '27/4/2024, 5:53:00 pm'
}
{
  data: {
    'Employee ID': 'EMP912e47',
    Name: 'Rudolph Medhurst',
    'Gross Pay': 157683,
    'Leave Days': 0,
    'Non billable hours': '208 hr',
    'Present Days': 0,
    'LWP Days': 26,
    'Last month LWP deduction': '0 (LWP days last month : 0 * 8 * Salary per hour : 758.0913461538462)',
    'Salary Deducted': 157683,
    'Net Pay': 0,
    'Basic Pay': 157073,
    'Grade Pay': 43,
    Allowances: [
      { 'Allowance Name': 'DA', 'Allowance Amount': 122 },
      { 'Allowance Name': 'HRA', 'Allowance Amount': 122 },
      { 'Allowance Name': 'DP(A)', 'Allowance Amount': 122 },
      { 'Allowance Name': 'IR(A)', 'Allowance Amount': 122 },
      { 'Allowance Name': 'SP(A)', 'Allowance Amount': 122 }
    ],
    Deductions: [
      { 'Deduction Name': 'GPF', 'Deduction Amount': 500 },
      {
        'Deduction Name': 'EPF (12% of Basic Pay: 157073 + DA amount: 122)',
        'Deduction Amount': 2900
      },
      {
        'Deduction Name': 'PT (Basic Pay: 157073 is above 66666)',
        'Deduction Amount': 120
      },
      {
        'Deduction Name': 'ESIC (Basic Pay: 157073 * 0.0175)',
        'Deduction Amount': 550
      }
    ]
  },
  level: 'info',
  message: 'Calculated Net Pay',
  timestamp: '27/4/2024, 5:53:00 pm'
}
{
  data: {
    'Employee ID': 'EMP912e42',
    Name: 'Elijah Parker',
    'Gross Pay': 96258,
    'Leave Days': 0,
    'Non billable hours': '208 hr',
    'Present Days': 0,
    'LWP Days': 26,
    'Last month LWP deduction': '0 (LWP days last month : 0 * 8 * Salary per hour : 462.77884615384613)',
    'Salary Deducted': 96258,
    'Net Pay': 0,
    'Basic Pay': 95648,
    'Grade Pay': 43,
    Allowances: [
      { 'Allowance Name': 'DA', 'Allowance Amount': 122 },
      { 'Allowance Name': 'HRA', 'Allowance Amount': 122 },
      { 'Allowance Name': 'DP(A)', 'Allowance Amount': 122 },
      { 'Allowance Name': 'IR(A)', 'Allowance Amount': 122 },
      { 'Allowance Name': 'SP(A)', 'Allowance Amount': 122 }
    ],
    Deductions: [
      { 'Deduction Name': 'GPF', 'Deduction Amount': 500 },
      {
        'Deduction Name': 'EPF (12% of Basic Pay: 95648 + DA amount: 122)',
        'Deduction Amount': 2900
      },
      {
        'Deduction Name': 'PT (Basic Pay: 95648 is above 66666)',
        'Deduction Amount': 120
      },
      {
        'Deduction Name': 'ESIC (Basic Pay: 95648 * 0.0175)',
        'Deduction Amount': 550
      }
    ]
  },
  level: 'info',
  message: 'Calculated Net Pay',
  timestamp: '27/4/2024, 5:53:00 pm'
}
{
  data: {
    'Employee ID': 'EMP912e43',
    Name: 'Dustin Muller PhD',
    'Gross Pay': 147595,
    'Leave Days': 0,
    'Non billable hours': '46 hr',
    'Present Days': 20.25,
    'LWP Days': 5.75,
    'Last month LWP deduction': '0 (LWP days last month : 0 * 8 * Salary per hour : 709.5913461538462)',
    'Salary Deducted': 32641,
    'Net Pay': 110883,
    'Basic Pay': 146985,
    'Grade Pay': 43,
    Allowances: [
      { 'Allowance Name': 'DA', 'Allowance Amount': 122 },
      { 'Allowance Name': 'HRA', 'Allowance Amount': 122 },
      { 'Allowance Name': 'DP(A)', 'Allowance Amount': 122 },
      { 'Allowance Name': 'IR(A)', 'Allowance Amount': 122 },
      { 'Allowance Name': 'SP(A)', 'Allowance Amount': 122 }
    ],
    Deductions: [
      { 'Deduction Name': 'GPF', 'Deduction Amount': 500 },
      {
        'Deduction Name': 'EPF (12% of Basic Pay: 146985 + DA amount: 122)',
        'Deduction Amount': 2900
      },
      {
        'Deduction Name': 'PT (Basic Pay: 146985 is above 66666)',
        'Deduction Amount': 120
      },
      {
        'Deduction Name': 'ESIC (Basic Pay: 146985 * 0.0175)',
        'Deduction Amount': 550
      }
    ]
  },
  level: 'info',
  message: 'Calculated Net Pay',
  timestamp: '27/4/2024, 5:53:00 pm'
}
{
  data: {
    'Employee ID': 'EMP912e40',
    Name: 'Raul Durgan',
    'Gross Pay': 157744,
    'Leave Days': 0,
    'Non billable hours': '208 hr',
    'Present Days': 0,
    'LWP Days': 26,
    'Last month LWP deduction': '0 (LWP days last month : 0 * 8 * Salary per hour : 758.3846153846154)',
    'Salary Deducted': 157744,
    'Net Pay': 0,
    'Basic Pay': 157134,
    'Grade Pay': 43,
    Allowances: [
      { 'Allowance Name': 'DA', 'Allowance Amount': 122 },
      { 'Allowance Name': 'HRA', 'Allowance Amount': 122 },
      { 'Allowance Name': 'DP(A)', 'Allowance Amount': 122 },
      { 'Allowance Name': 'IR(A)', 'Allowance Amount': 122 },
      { 'Allowance Name': 'SP(A)', 'Allowance Amount': 122 }
    ],
    Deductions: [
      { 'Deduction Name': 'GPF', 'Deduction Amount': 500 },
      {
        'Deduction Name': 'EPF (12% of Basic Pay: 157134 + DA amount: 122)',
        'Deduction Amount': 2900
      },
      {
        'Deduction Name': 'PT (Basic Pay: 157134 is above 66666)',
        'Deduction Amount': 120
      },
      {
        'Deduction Name': 'ESIC (Basic Pay: 157134 * 0.0175)',
        'Deduction Amount': 550
      }
    ]
  },
  level: 'info',
  message: 'Calculated Net Pay',
  timestamp: '27/4/2024, 5:53:00 pm'
}
{
  data: {
    'Employee ID': 'EMP912e46',
    Name: 'Marlene Turner',
    'Gross Pay': 82005,
    'Leave Days': 0,
    'Non billable hours': '208 hr',
    'Present Days': 0,
    'LWP Days': 26,
    'Last month LWP deduction': '0 (LWP days last month : 0 * 8 * Salary per hour : 394.2548076923077)',
    'Salary Deducted': 82005,
    'Net Pay': 0,
    'Basic Pay': 81395,
    'Grade Pay': 43,
    Allowances: [
      { 'Allowance Name': 'DA', 'Allowance Amount': 122 },
      { 'Allowance Name': 'HRA', 'Allowance Amount': 122 },
      { 'Allowance Name': 'DP(A)', 'Allowance Amount': 122 },
      { 'Allowance Name': 'IR(A)', 'Allowance Amount': 122 },
      { 'Allowance Name': 'SP(A)', 'Allowance Amount': 122 }
    ],
    Deductions: [
      { 'Deduction Name': 'GPF', 'Deduction Amount': 500 },
      {
        'Deduction Name': 'EPF (12% of Basic Pay: 81395 + DA amount: 122)',
        'Deduction Amount': 2900
      },
      {
        'Deduction Name': 'PT (Basic Pay: 81395 is above 66666)',
        'Deduction Amount': 120
      },
      {
        'Deduction Name': 'ESIC (Basic Pay: 81395 * 0.0175)',
        'Deduction Amount': 550
      }
    ]
  },
  level: 'info',
  message: 'Calculated Net Pay',
  timestamp: '27/4/2024, 5:53:00 pm'
}
{
  data: {
    'Employee ID': 'EMP912e49',
    Name: 'Timothy Von',
    'Gross Pay': 223003,
    'Leave Days': 0,
    'Non billable hours': '208 hr',
    'Present Days': 0,
    'LWP Days': 26,
    'Last month LWP deduction': '0 (LWP days last month : 0 * 8 * Salary per hour : 1072.1298076923076)',
    'Salary Deducted': 223003,
    'Net Pay': 0,
    'Basic Pay': 222393,
    'Grade Pay': 43,
    Allowances: [
      { 'Allowance Name': 'DA', 'Allowance Amount': 122 },
      { 'Allowance Name': 'HRA', 'Allowance Amount': 122 },
      { 'Allowance Name': 'DP(A)', 'Allowance Amount': 122 },
      { 'Allowance Name': 'IR(A)', 'Allowance Amount': 122 },
      { 'Allowance Name': 'SP(A)', 'Allowance Amount': 122 }
    ],
    Deductions: [
      { 'Deduction Name': 'GPF', 'Deduction Amount': 500 },
      {
        'Deduction Name': 'EPF (12% of Basic Pay: 222393 + DA amount: 122)',
        'Deduction Amount': 2900
      },
      {
        'Deduction Name': 'PT (Basic Pay: 222393 is above 66666)',
        'Deduction Amount': 120
      },
      {
        'Deduction Name': 'ESIC (Basic Pay: 222393 * 0.0175)',
        'Deduction Amount': 550
      }
    ]
  },
  level: 'info',
  message: 'Calculated Net Pay',
  timestamp: '27/4/2024, 5:53:00 pm'
}
{
  data: {
    'Employee ID': 'EMP912e48',
    Name: 'Rose Lubowitz',
    'Gross Pay': 250894,
    'Leave Days': 0,
    'Non billable hours': '208 hr',
    'Present Days': 0,
    'LWP Days': 26,
    'Last month LWP deduction': '0 (LWP days last month : 0 * 8 * Salary per hour : 1206.2211538461538)',
    'Salary Deducted': 250894,
    'Net Pay': 0,
    'Basic Pay': 250284,
    'Grade Pay': 43,
    Allowances: [
      { 'Allowance Name': 'DA', 'Allowance Amount': 122 },
      { 'Allowance Name': 'HRA', 'Allowance Amount': 122 },
      { 'Allowance Name': 'DP(A)', 'Allowance Amount': 122 },
      { 'Allowance Name': 'IR(A)', 'Allowance Amount': 122 },
      { 'Allowance Name': 'SP(A)', 'Allowance Amount': 122 }
    ],
    Deductions: [
      { 'Deduction Name': 'GPF', 'Deduction Amount': 500 },
      {
        'Deduction Name': 'EPF (12% of Basic Pay: 250284 + DA amount: 122)',
        'Deduction Amount': 2900
      },
      {
        'Deduction Name': 'PT (Basic Pay: 250284 is above 66666)',
        'Deduction Amount': 120
      },
      {
        'Deduction Name': 'ESIC (Basic Pay: 250284 * 0.0175)',
        'Deduction Amount': 550
      }
    ]
  },
  level: 'info',
  message: 'Calculated Net Pay',
  timestamp: '29/4/2024, 6:47:30 pm'
}
{
  data: {
    'Employee ID': 'EMP912e47',
    Name: 'Rudolph Medhurst',
    'Gross Pay': 157683,
    'Leave Days': 0,
    'Non billable hours': '208 hr',
    'Present Days': 0,
    'LWP Days': 26,
    'Last month LWP deduction': '0 (LWP days last month : 0 * 8 * Salary per hour : 758.0913461538462)',
    'Salary Deducted': 157683,
    'Net Pay': 0,
    'Basic Pay': 157073,
    'Grade Pay': 43,
    Allowances: [
      { 'Allowance Name': 'DA', 'Allowance Amount': 122 },
      { 'Allowance Name': 'HRA', 'Allowance Amount': 122 },
      { 'Allowance Name': 'DP(A)', 'Allowance Amount': 122 },
      { 'Allowance Name': 'IR(A)', 'Allowance Amount': 122 },
      { 'Allowance Name': 'SP(A)', 'Allowance Amount': 122 }
    ],
    Deductions: [
      { 'Deduction Name': 'GPF', 'Deduction Amount': 500 },
      {
        'Deduction Name': 'EPF (12% of Basic Pay: 157073 + DA amount: 122)',
        'Deduction Amount': 2900
      },
      {
        'Deduction Name': 'PT (Basic Pay: 157073 is above 66666)',
        'Deduction Amount': 120
      },
      {
        'Deduction Name': 'ESIC (Basic Pay: 157073 * 0.0175)',
        'Deduction Amount': 550
      }
    ]
  },
  level: 'info',
  message: 'Calculated Net Pay',
  timestamp: '29/4/2024, 6:47:30 pm'
}
{
  data: {
    'Employee ID': 'EMP912e44',
    Name: 'Jordan Swift',
    'Gross Pay': 297084,
    'Leave Days': 0,
    'Non billable hours': '208 hr',
    'Present Days': 0,
    'LWP Days': 26,
    'Last month LWP deduction': '0 (LWP days last month : 0 * 8 * Salary per hour : 1428.2884615384614)',
    'Salary Deducted': 297084,
    'Net Pay': 0,
    'Basic Pay': 296474,
    'Grade Pay': 43,
    Allowances: [
      { 'Allowance Name': 'DA', 'Allowance Amount': 122 },
      { 'Allowance Name': 'HRA', 'Allowance Amount': 122 },
      { 'Allowance Name': 'DP(A)', 'Allowance Amount': 122 },
      { 'Allowance Name': 'IR(A)', 'Allowance Amount': 122 },
      { 'Allowance Name': 'SP(A)', 'Allowance Amount': 122 }
    ],
    Deductions: [
      { 'Deduction Name': 'GPF', 'Deduction Amount': 500 },
      {
        'Deduction Name': 'EPF (12% of Basic Pay: 296474 + DA amount: 122)',
        'Deduction Amount': 2900
      },
      {
        'Deduction Name': 'PT (Basic Pay: 296474 is above 66666)',
        'Deduction Amount': 120
      },
      {
        'Deduction Name': 'ESIC (Basic Pay: 296474 * 0.0175)',
        'Deduction Amount': 550
      }
    ]
  },
  level: 'info',
  message: 'Calculated Net Pay',
  timestamp: '29/4/2024, 6:47:30 pm'
}
{
  data: {
    'Employee ID': 'EMP912e41',
    Name: 'Tiffany Ratke',
    'Gross Pay': 113565,
    'Leave Days': 0,
    'Non billable hours': '208 hr',
    'Present Days': 0,
    'LWP Days': 26,
    'Last month LWP deduction': '0 (LWP days last month : 0 * 8 * Salary per hour : 545.9855769230769)',
    'Salary Deducted': 113565,
    'Net Pay': 0,
    'Basic Pay': 112955,
    'Grade Pay': 43,
    Allowances: [
      { 'Allowance Name': 'DA', 'Allowance Amount': 122 },
      { 'Allowance Name': 'HRA', 'Allowance Amount': 122 },
      { 'Allowance Name': 'DP(A)', 'Allowance Amount': 122 },
      { 'Allowance Name': 'IR(A)', 'Allowance Amount': 122 },
      { 'Allowance Name': 'SP(A)', 'Allowance Amount': 122 }
    ],
    Deductions: [
      { 'Deduction Name': 'GPF', 'Deduction Amount': 500 },
      {
        'Deduction Name': 'EPF (12% of Basic Pay: 112955 + DA amount: 122)',
        'Deduction Amount': 2900
      },
      {
        'Deduction Name': 'PT (Basic Pay: 112955 is above 66666)',
        'Deduction Amount': 120
      },
      {
        'Deduction Name': 'ESIC (Basic Pay: 112955 * 0.0175)',
        'Deduction Amount': 550
      }
    ]
  },
  level: 'info',
  message: 'Calculated Net Pay',
  timestamp: '29/4/2024, 6:47:30 pm'
}
{
  data: {
    'Employee ID': 'EMP912e42',
    Name: 'Elijah Parker',
    'Gross Pay': 96258,
    'Leave Days': 0,
    'Non billable hours': '208 hr',
    'Present Days': 0,
    'LWP Days': 26,
    'Last month LWP deduction': '0 (LWP days last month : 0 * 8 * Salary per hour : 462.77884615384613)',
    'Salary Deducted': 96258,
    'Net Pay': 0,
    'Basic Pay': 95648,
    'Grade Pay': 43,
    Allowances: [
      { 'Allowance Name': 'DA', 'Allowance Amount': 122 },
      { 'Allowance Name': 'HRA', 'Allowance Amount': 122 },
      { 'Allowance Name': 'DP(A)', 'Allowance Amount': 122 },
      { 'Allowance Name': 'IR(A)', 'Allowance Amount': 122 },
      { 'Allowance Name': 'SP(A)', 'Allowance Amount': 122 }
    ],
    Deductions: [
      { 'Deduction Name': 'GPF', 'Deduction Amount': 500 },
      {
        'Deduction Name': 'EPF (12% of Basic Pay: 95648 + DA amount: 122)',
        'Deduction Amount': 2900
      },
      {
        'Deduction Name': 'PT (Basic Pay: 95648 is above 66666)',
        'Deduction Amount': 120
      },
      {
        'Deduction Name': 'ESIC (Basic Pay: 95648 * 0.0175)',
        'Deduction Amount': 550
      }
    ]
  },
  level: 'info',
  message: 'Calculated Net Pay',
  timestamp: '29/4/2024, 6:47:30 pm'
}
{
  data: {
    'Employee ID': 'EMP912e49',
    Name: 'Timothy Von',
    'Gross Pay': 223003,
    'Leave Days': 0,
    'Non billable hours': '208 hr',
    'Present Days': 0,
    'LWP Days': 26,
    'Last month LWP deduction': '0 (LWP days last month : 0 * 8 * Salary per hour : 1072.1298076923076)',
    'Salary Deducted': 223003,
    'Net Pay': 0,
    'Basic Pay': 222393,
    'Grade Pay': 43,
    Allowances: [
      { 'Allowance Name': 'DA', 'Allowance Amount': 122 },
      { 'Allowance Name': 'HRA', 'Allowance Amount': 122 },
      { 'Allowance Name': 'DP(A)', 'Allowance Amount': 122 },
      { 'Allowance Name': 'IR(A)', 'Allowance Amount': 122 },
      { 'Allowance Name': 'SP(A)', 'Allowance Amount': 122 }
    ],
    Deductions: [
      { 'Deduction Name': 'GPF', 'Deduction Amount': 500 },
      {
        'Deduction Name': 'EPF (12% of Basic Pay: 222393 + DA amount: 122)',
        'Deduction Amount': 2900
      },
      {
        'Deduction Name': 'PT (Basic Pay: 222393 is above 66666)',
        'Deduction Amount': 120
      },
      {
        'Deduction Name': 'ESIC (Basic Pay: 222393 * 0.0175)',
        'Deduction Amount': 550
      }
    ]
  },
  level: 'info',
  message: 'Calculated Net Pay',
  timestamp: '29/4/2024, 6:47:30 pm'
}
{
  data: {
    'Employee ID': 'EMP912e40',
    Name: 'Raul Durgan',
    'Gross Pay': 157744,
    'Leave Days': 0,
    'Non billable hours': '208 hr',
    'Present Days': 0,
    'LWP Days': 26,
    'Last month LWP deduction': '0 (LWP days last month : 0 * 8 * Salary per hour : 758.3846153846154)',
    'Salary Deducted': 157744,
    'Net Pay': 0,
    'Basic Pay': 157134,
    'Grade Pay': 43,
    Allowances: [
      { 'Allowance Name': 'DA', 'Allowance Amount': 122 },
      { 'Allowance Name': 'HRA', 'Allowance Amount': 122 },
      { 'Allowance Name': 'DP(A)', 'Allowance Amount': 122 },
      { 'Allowance Name': 'IR(A)', 'Allowance Amount': 122 },
      { 'Allowance Name': 'SP(A)', 'Allowance Amount': 122 }
    ],
    Deductions: [
      { 'Deduction Name': 'GPF', 'Deduction Amount': 500 },
      {
        'Deduction Name': 'EPF (12% of Basic Pay: 157134 + DA amount: 122)',
        'Deduction Amount': 2900
      },
      {
        'Deduction Name': 'PT (Basic Pay: 157134 is above 66666)',
        'Deduction Amount': 120
      },
      {
        'Deduction Name': 'ESIC (Basic Pay: 157134 * 0.0175)',
        'Deduction Amount': 550
      }
    ]
  },
  level: 'info',
  message: 'Calculated Net Pay',
  timestamp: '29/4/2024, 6:47:30 pm'
}
{
  data: {
    'Employee ID': 'EMP912e43',
    Name: 'Dustin Muller PhD',
    'Gross Pay': 147595,
    'Leave Days': 0,
    'Non billable hours': '0 hr',
    'Present Days': 27,
    'LWP Days': 0,
    'Last month LWP deduction': '0 (LWP days last month : 0 * 8 * Salary per hour : 709.5913461538462)',
    'Salary Deducted': 0,
    'Net Pay': 143525,
    'Basic Pay': 146985,
    'Grade Pay': 43,
    Allowances: [
      { 'Allowance Name': 'DA', 'Allowance Amount': 122 },
      { 'Allowance Name': 'HRA', 'Allowance Amount': 122 },
      { 'Allowance Name': 'DP(A)', 'Allowance Amount': 122 },
      { 'Allowance Name': 'IR(A)', 'Allowance Amount': 122 },
      { 'Allowance Name': 'SP(A)', 'Allowance Amount': 122 }
    ],
    Deductions: [
      { 'Deduction Name': 'GPF', 'Deduction Amount': 500 },
      {
        'Deduction Name': 'EPF (12% of Basic Pay: 146985 + DA amount: 122)',
        'Deduction Amount': 2900
      },
      {
        'Deduction Name': 'PT (Basic Pay: 146985 is above 66666)',
        'Deduction Amount': 120
      },
      {
        'Deduction Name': 'ESIC (Basic Pay: 146985 * 0.0175)',
        'Deduction Amount': 550
      }
    ]
  },
  level: 'info',
  message: 'Calculated Net Pay',
  timestamp: '29/4/2024, 6:47:30 pm'
}
{
  data: {
    'Employee ID': 'EMP912e45',
    Name: 'Mr. Nicholas Strosin',
    'Gross Pay': 279130,
    'Leave Days': 0,
    'Non billable hours': '208 hr',
    'Present Days': 0,
    'LWP Days': 26,
    'Last month LWP deduction': '0 (LWP days last month : 0 * 8 * Salary per hour : 1341.9711538461538)',
    'Salary Deducted': 279130,
    'Net Pay': 0,
    'Basic Pay': 278520,
    'Grade Pay': 43,
    Allowances: [
      { 'Allowance Name': 'DA', 'Allowance Amount': 122 },
      { 'Allowance Name': 'HRA', 'Allowance Amount': 122 },
      { 'Allowance Name': 'DP(A)', 'Allowance Amount': 122 },
      { 'Allowance Name': 'IR(A)', 'Allowance Amount': 122 },
      { 'Allowance Name': 'SP(A)', 'Allowance Amount': 122 }
    ],
    Deductions: [
      { 'Deduction Name': 'GPF', 'Deduction Amount': 500 },
      {
        'Deduction Name': 'EPF (12% of Basic Pay: 278520 + DA amount: 122)',
        'Deduction Amount': 2900
      },
      {
        'Deduction Name': 'PT (Basic Pay: 278520 is above 66666)',
        'Deduction Amount': 120
      },
      {
        'Deduction Name': 'ESIC (Basic Pay: 278520 * 0.0175)',
        'Deduction Amount': 550
      }
    ]
  },
  level: 'info',
  message: 'Calculated Net Pay',
  timestamp: '29/4/2024, 6:47:30 pm'
}
{
  data: {
    'Employee ID': 'EMP912e46',
    Name: 'Marlene Turner',
    'Gross Pay': 82005,
    'Leave Days': 0,
    'Non billable hours': '208 hr',
    'Present Days': 0,
    'LWP Days': 26,
    'Last month LWP deduction': '0 (LWP days last month : 0 * 8 * Salary per hour : 394.2548076923077)',
    'Salary Deducted': 82005,
    'Net Pay': 0,
    'Basic Pay': 81395,
    'Grade Pay': 43,
    Allowances: [
      { 'Allowance Name': 'DA', 'Allowance Amount': 122 },
      { 'Allowance Name': 'HRA', 'Allowance Amount': 122 },
      { 'Allowance Name': 'DP(A)', 'Allowance Amount': 122 },
      { 'Allowance Name': 'IR(A)', 'Allowance Amount': 122 },
      { 'Allowance Name': 'SP(A)', 'Allowance Amount': 122 }
    ],
    Deductions: [
      { 'Deduction Name': 'GPF', 'Deduction Amount': 500 },
      {
        'Deduction Name': 'EPF (12% of Basic Pay: 81395 + DA amount: 122)',
        'Deduction Amount': 2900
      },
      {
        'Deduction Name': 'PT (Basic Pay: 81395 is above 66666)',
        'Deduction Amount': 120
      },
      {
        'Deduction Name': 'ESIC (Basic Pay: 81395 * 0.0175)',
        'Deduction Amount': 550
      }
    ]
  },
  level: 'info',
  message: 'Calculated Net Pay',
  timestamp: '29/4/2024, 6:47:30 pm'
}
{
  data: {
    'Employee ID': 'EMP912e423',
    Name: 'JAGANNATH MUKHI',
    'Gross Pay': 249445,
    'Leave Days': 0,
    'Non billable hours': '0 hr',
    'Present Days': 27,
    'LWP Days': 0,
    'Last month LWP deduction': '0 (LWP days last month : 0 * 8 * Salary per hour : 1154.837962962963)',
    'Salary Deducted': 0,
    'Net Pay': 245375,
    'Basic Pay': 248835,
    'Grade Pay': 2800,
    Allowances: [
      { 'Allowance Name': 'DA', 'Allowance Amount': 122 },
      { 'Allowance Name': 'HRA', 'Allowance Amount': 122 },
      { 'Allowance Name': 'DP(A)', 'Allowance Amount': 122 },
      { 'Allowance Name': 'IR(A)', 'Allowance Amount': 122 },
      { 'Allowance Name': 'SP(A)', 'Allowance Amount': 122 }
    ],
    Deductions: [
      { 'Deduction Name': 'GPF', 'Deduction Amount': 500 },
      {
        'Deduction Name': 'EPF (12% of Basic Pay: 248835 + DA amount: 122)',
        'Deduction Amount': 2900
      },
      {
        'Deduction Name': 'PT (Basic Pay: 248835 is above 66666)',
        'Deduction Amount': 120
      },
      {
        'Deduction Name': 'ESIC (Basic Pay: 248835 * 0.0175)',
        'Deduction Amount': 550
      }
    ]
  },
  level: 'info',
  message: 'Calculated Net Pay',
  timestamp: '3/5/2024, 1:09:55 pm'
}
{
  data: {
    'Employee ID': 'EMP912e40',
    Name: 'BINEET KUMAR',
    'Gross Pay': 24625,
    'Leave Days': 0,
    'Non billable hours': '0 hr',
    'Present Days': 27,
    'LWP Days': 0,
    'Last month LWP deduction': '0 (LWP days last month : 0 * 8 * Salary per hour : 114.00462962962963)',
    'Salary Deducted': 0,
    'Net Pay': 20555,
    'Basic Pay': 24015,
    'Grade Pay': 2623,
    Allowances: [
      { 'Allowance Name': 'DA', 'Allowance Amount': 122 },
      { 'Allowance Name': 'HRA', 'Allowance Amount': 122 },
      { 'Allowance Name': 'DP(A)', 'Allowance Amount': 122 },
      { 'Allowance Name': 'IR(A)', 'Allowance Amount': 122 },
      { 'Allowance Name': 'SP(A)', 'Allowance Amount': 122 }
    ],
    Deductions: [
      { 'Deduction Name': 'GPF', 'Deduction Amount': 500 },
      {
        'Deduction Name': 'EPF (12% of Basic Pay: 24015 + DA amount: 122)',
        'Deduction Amount': 2900
      },
      {
        'Deduction Name': 'PT (Basic Pay: 24015 is less than 25000)',
        'Deduction Amount': 120
      },
      {
        'Deduction Name': 'ESIC (Basic Pay: 24015 * 0.0175)',
        'Deduction Amount': 550
      }
    ]
  },
  level: 'info',
  message: 'Calculated Net Pay',
  timestamp: '3/5/2024, 1:09:55 pm'
}
{
  data: {
    'Employee ID': 'EMP912e47',
    Name: 'DINESH PRASAD VERMA',
    'Gross Pay': 132799,
    'Leave Days': 0,
    'Non billable hours': '0 hr',
    'Present Days': 27,
    'LWP Days': 0,
    'Last month LWP deduction': '0 (LWP days last month : 0 * 8 * Salary per hour : 614.8101851851852)',
    'Salary Deducted': 0,
    'Net Pay': 128729,
    'Basic Pay': 132189,
    'Grade Pay': 1038,
    Allowances: [
      { 'Allowance Name': 'DA', 'Allowance Amount': 122 },
      { 'Allowance Name': 'HRA', 'Allowance Amount': 122 },
      { 'Allowance Name': 'DP(A)', 'Allowance Amount': 122 },
      { 'Allowance Name': 'IR(A)', 'Allowance Amount': 122 },
      { 'Allowance Name': 'SP(A)', 'Allowance Amount': 122 }
    ],
    Deductions: [
      { 'Deduction Name': 'GPF', 'Deduction Amount': 500 },
      {
        'Deduction Name': 'EPF (12% of Basic Pay: 132189 + DA amount: 122)',
        'Deduction Amount': 2900
      },
      {
        'Deduction Name': 'PT (Basic Pay: 132189 is above 66666)',
        'Deduction Amount': 120
      },
      {
        'Deduction Name': 'ESIC (Basic Pay: 132189 * 0.0175)',
        'Deduction Amount': 550
      }
    ]
  },
  level: 'info',
  message: 'Calculated Net Pay',
  timestamp: '3/5/2024, 1:09:55 pm'
}
{
  data: {
    'Employee ID': 'EMP912e424',
    Name: 'RAJENDRA MUKHI',
    'Gross Pay': 71180,
    'Leave Days': 0,
    'Non billable hours': '0 hr',
    'Present Days': 27,
    'LWP Days': 0,
    'Last month LWP deduction': '0 (LWP days last month : 0 * 8 * Salary per hour : 329.537037037037)',
    'Salary Deducted': 0,
    'Net Pay': 67110,
    'Basic Pay': 70570,
    'Grade Pay': 1541,
    Allowances: [
      { 'Allowance Name': 'DA', 'Allowance Amount': 122 },
      { 'Allowance Name': 'HRA', 'Allowance Amount': 122 },
      { 'Allowance Name': 'DP(A)', 'Allowance Amount': 122 },
      { 'Allowance Name': 'IR(A)', 'Allowance Amount': 122 },
      { 'Allowance Name': 'SP(A)', 'Allowance Amount': 122 }
    ],
    Deductions: [
      { 'Deduction Name': 'GPF', 'Deduction Amount': 500 },
      {
        'Deduction Name': 'EPF (12% of Basic Pay: 70570 + DA amount: 122)',
        'Deduction Amount': 2900
      },
      {
        'Deduction Name': 'PT (Basic Pay: 70570 is above 66666)',
        'Deduction Amount': 120
      },
      {
        'Deduction Name': 'ESIC (Basic Pay: 70570 * 0.0175)',
        'Deduction Amount': 550
      }
    ]
  },
  level: 'info',
  message: 'Calculated Net Pay',
  timestamp: '3/5/2024, 1:09:55 pm'
}
{
  data: {
    'Employee ID': 'EMP912e46',
    Name: 'MANGAL CHANDRA MARDY',
    'Gross Pay': 114057,
    'Leave Days': 0,
    'Non billable hours': '0 hr',
    'Present Days': 27,
    'LWP Days': 0,
    'Last month LWP deduction': '0 (LWP days last month : 0 * 8 * Salary per hour : 528.0416666666666)',
    'Salary Deducted': 0,
    'Net Pay': 109987,
    'Basic Pay': 113447,
    'Grade Pay': 2265,
    Allowances: [
      { 'Allowance Name': 'DA', 'Allowance Amount': 122 },
      { 'Allowance Name': 'HRA', 'Allowance Amount': 122 },
      { 'Allowance Name': 'DP(A)', 'Allowance Amount': 122 },
      { 'Allowance Name': 'IR(A)', 'Allowance Amount': 122 },
      { 'Allowance Name': 'SP(A)', 'Allowance Amount': 122 }
    ],
    Deductions: [
      { 'Deduction Name': 'GPF', 'Deduction Amount': 500 },
      {
        'Deduction Name': 'EPF (12% of Basic Pay: 113447 + DA amount: 122)',
        'Deduction Amount': 2900
      },
      {
        'Deduction Name': 'PT (Basic Pay: 113447 is above 66666)',
        'Deduction Amount': 120
      },
      {
        'Deduction Name': 'ESIC (Basic Pay: 113447 * 0.0175)',
        'Deduction Amount': 550
      }
    ]
  },
  level: 'info',
  message: 'Calculated Net Pay',
  timestamp: '3/5/2024, 1:09:55 pm'
}
{
  data: {
    'Employee ID': 'EMP912e412',
    Name: 'JITENDRA KUMAR',
    'Gross Pay': 169798,
    'Leave Days': 0,
    'Non billable hours': '0 hr',
    'Present Days': 27,
    'LWP Days': 0,
    'Last month LWP deduction': '0 (LWP days last month : 0 * 8 * Salary per hour : 786.1018518518518)',
    'Salary Deducted': 0,
    'Net Pay': 165728,
    'Basic Pay': 169188,
    'Grade Pay': 1606,
    Allowances: [
      { 'Allowance Name': 'DA', 'Allowance Amount': 122 },
      { 'Allowance Name': 'HRA', 'Allowance Amount': 122 },
      { 'Allowance Name': 'DP(A)', 'Allowance Amount': 122 },
      { 'Allowance Name': 'IR(A)', 'Allowance Amount': 122 },
      { 'Allowance Name': 'SP(A)', 'Allowance Amount': 122 }
    ],
    Deductions: [
      { 'Deduction Name': 'GPF', 'Deduction Amount': 500 },
      {
        'Deduction Name': 'EPF (12% of Basic Pay: 169188 + DA amount: 122)',
        'Deduction Amount': 2900
      },
      {
        'Deduction Name': 'PT (Basic Pay: 169188 is above 66666)',
        'Deduction Amount': 120
      },
      {
        'Deduction Name': 'ESIC (Basic Pay: 169188 * 0.0175)',
        'Deduction Amount': 550
      }
    ]
  },
  level: 'info',
  message: 'Calculated Net Pay',
  timestamp: '3/5/2024, 1:09:55 pm'
}
{
  data: {
    'Employee ID': 'EMP912e49',
    Name: 'REKHA PANDEY',
    'Gross Pay': 25253,
    'Leave Days': 0,
    'Non billable hours': '0 hr',
    'Present Days': 27,
    'LWP Days': 0,
    'Last month LWP deduction': '0 (LWP days last month : 0 * 8 * Salary per hour : 116.91203703703704)',
    'Salary Deducted': 0,
    'Net Pay': 21183,
    'Basic Pay': 24643,
    'Grade Pay': 1962,
    Allowances: [
      { 'Allowance Name': 'DA', 'Allowance Amount': 122 },
      { 'Allowance Name': 'HRA', 'Allowance Amount': 122 },
      { 'Allowance Name': 'DP(A)', 'Allowance Amount': 122 },
      { 'Allowance Name': 'IR(A)', 'Allowance Amount': 122 },
      { 'Allowance Name': 'SP(A)', 'Allowance Amount': 122 }
    ],
    Deductions: [
      { 'Deduction Name': 'GPF', 'Deduction Amount': 500 },
      {
        'Deduction Name': 'EPF (12% of Basic Pay: 24643 + DA amount: 122)',
        'Deduction Amount': 2900
      },
      {
        'Deduction Name': 'PT (Basic Pay: 24643 is less than 25000)',
        'Deduction Amount': 120
      },
      {
        'Deduction Name': 'ESIC (Basic Pay: 24643 * 0.0175)',
        'Deduction Amount': 550
      }
    ]
  },
  level: 'info',
  message: 'Calculated Net Pay',
  timestamp: '3/5/2024, 1:09:55 pm'
}
{
  data: {
    'Employee ID': 'EMP912e414',
    Name: 'RAHUL KUMAR',
    'Gross Pay': 169771,
    'Leave Days': 0,
    'Non billable hours': '0 hr',
    'Present Days': 27,
    'LWP Days': 0,
    'Last month LWP deduction': '0 (LWP days last month : 0 * 8 * Salary per hour : 785.9768518518518)',
    'Salary Deducted': 0,
    'Net Pay': 165701,
    'Basic Pay': 169161,
    'Grade Pay': 2865,
    Allowances: [
      { 'Allowance Name': 'DA', 'Allowance Amount': 122 },
      { 'Allowance Name': 'HRA', 'Allowance Amount': 122 },
      { 'Allowance Name': 'DP(A)', 'Allowance Amount': 122 },
      { 'Allowance Name': 'IR(A)', 'Allowance Amount': 122 },
      { 'Allowance Name': 'SP(A)', 'Allowance Amount': 122 }
    ],
    Deductions: [
      { 'Deduction Name': 'GPF', 'Deduction Amount': 500 },
      {
        'Deduction Name': 'EPF (12% of Basic Pay: 169161 + DA amount: 122)',
        'Deduction Amount': 2900
      },
      {
        'Deduction Name': 'PT (Basic Pay: 169161 is above 66666)',
        'Deduction Amount': 120
      },
      {
        'Deduction Name': 'ESIC (Basic Pay: 169161 * 0.0175)',
        'Deduction Amount': 550
      }
    ]
  },
  level: 'info',
  message: 'Calculated Net Pay',
  timestamp: '3/5/2024, 1:09:55 pm'
}
{
  data: {
    'Employee ID': 'EMP912e41',
    Name: 'AJAY KUMAR',
    'Gross Pay': 68427,
    'Leave Days': 0,
    'Non billable hours': '0 hr',
    'Present Days': 27,
    'LWP Days': 0,
    'Last month LWP deduction': '0 (LWP days last month : 0 * 8 * Salary per hour : 316.7916666666667)',
    'Salary Deducted': 0,
    'Net Pay': 64357,
    'Basic Pay': 67817,
    'Grade Pay': 1681,
    Allowances: [
      { 'Allowance Name': 'DA', 'Allowance Amount': 122 },
      { 'Allowance Name': 'HRA', 'Allowance Amount': 122 },
      { 'Allowance Name': 'DP(A)', 'Allowance Amount': 122 },
      { 'Allowance Name': 'IR(A)', 'Allowance Amount': 122 },
      { 'Allowance Name': 'SP(A)', 'Allowance Amount': 122 }
    ],
    Deductions: [
      { 'Deduction Name': 'GPF', 'Deduction Amount': 500 },
      {
        'Deduction Name': 'EPF (12% of Basic Pay: 67817 + DA amount: 122)',
        'Deduction Amount': 2900
      },
      {
        'Deduction Name': 'PT (Basic Pay: 67817 is above 66666)',
        'Deduction Amount': 120
      },
      {
        'Deduction Name': 'ESIC (Basic Pay: 67817 * 0.0175)',
        'Deduction Amount': 550
      }
    ]
  },
  level: 'info',
  message: 'Calculated Net Pay',
  timestamp: '3/5/2024, 1:09:55 pm'
}
{
  data: {
    'Employee ID': 'EMP912e413',
    Name: 'MD.MAHFOOJ ALAM',
    'Gross Pay': 226504,
    'Leave Days': 0,
    'Non billable hours': '0 hr',
    'Present Days': 27,
    'LWP Days': 0,
    'Last month LWP deduction': '0 (LWP days last month : 0 * 8 * Salary per hour : 1048.6296296296296)',
    'Salary Deducted': 0,
    'Net Pay': 222434,
    'Basic Pay': 225894,
    'Grade Pay': 1164,
    Allowances: [
      { 'Allowance Name': 'DA', 'Allowance Amount': 122 },
      { 'Allowance Name': 'HRA', 'Allowance Amount': 122 },
      { 'Allowance Name': 'DP(A)', 'Allowance Amount': 122 },
      { 'Allowance Name': 'IR(A)', 'Allowance Amount': 122 },
      { 'Allowance Name': 'SP(A)', 'Allowance Amount': 122 }
    ],
    Deductions: [
      { 'Deduction Name': 'GPF', 'Deduction Amount': 500 },
      {
        'Deduction Name': 'EPF (12% of Basic Pay: 225894 + DA amount: 122)',
        'Deduction Amount': 2900
      },
      {
        'Deduction Name': 'PT (Basic Pay: 225894 is above 66666)',
        'Deduction Amount': 120
      },
      {
        'Deduction Name': 'ESIC (Basic Pay: 225894 * 0.0175)',
        'Deduction Amount': 550
      }
    ]
  },
  level: 'info',
  message: 'Calculated Net Pay',
  timestamp: '3/5/2024, 1:09:55 pm'
}
{
  data: {
    'Employee ID': 'EMP912e416',
    Name: 'SHAFIUR RAHMAN',
    'Gross Pay': 131585,
    'Leave Days': 0,
    'Non billable hours': '0 hr',
    'Present Days': 27,
    'LWP Days': 0,
    'Last month LWP deduction': '0 (LWP days last month : 0 * 8 * Salary per hour : 609.1898148148148)',
    'Salary Deducted': 0,
    'Net Pay': 127515,
    'Basic Pay': 130975,
    'Grade Pay': 2418,
    Allowances: [
      { 'Allowance Name': 'DA', 'Allowance Amount': 122 },
      { 'Allowance Name': 'HRA', 'Allowance Amount': 122 },
      { 'Allowance Name': 'DP(A)', 'Allowance Amount': 122 },
      { 'Allowance Name': 'IR(A)', 'Allowance Amount': 122 },
      { 'Allowance Name': 'SP(A)', 'Allowance Amount': 122 }
    ],
    Deductions: [
      { 'Deduction Name': 'GPF', 'Deduction Amount': 500 },
      {
        'Deduction Name': 'EPF (12% of Basic Pay: 130975 + DA amount: 122)',
        'Deduction Amount': 2900
      },
      {
        'Deduction Name': 'PT (Basic Pay: 130975 is above 66666)',
        'Deduction Amount': 120
      },
      {
        'Deduction Name': 'ESIC (Basic Pay: 130975 * 0.0175)',
        'Deduction Amount': 550
      }
    ]
  },
  level: 'info',
  message: 'Calculated Net Pay',
  timestamp: '3/5/2024, 1:09:55 pm'
}
{
  data: {
    'Employee ID': 'EMP912e418',
    Name: 'RAMESH KUMAR',
    'Gross Pay': 252454,
    'Leave Days': 0,
    'Non billable hours': '0 hr',
    'Present Days': 27,
    'LWP Days': 0,
    'Last month LWP deduction': '0 (LWP days last month : 0 * 8 * Salary per hour : 1168.7685185185185)',
    'Salary Deducted': 0,
    'Net Pay': 248384,
    'Basic Pay': 251844,
    'Grade Pay': 1695,
    Allowances: [
      { 'Allowance Name': 'DA', 'Allowance Amount': 122 },
      { 'Allowance Name': 'HRA', 'Allowance Amount': 122 },
      { 'Allowance Name': 'DP(A)', 'Allowance Amount': 122 },
      { 'Allowance Name': 'IR(A)', 'Allowance Amount': 122 },
      { 'Allowance Name': 'SP(A)', 'Allowance Amount': 122 }
    ],
    Deductions: [
      { 'Deduction Name': 'GPF', 'Deduction Amount': 500 },
      {
        'Deduction Name': 'EPF (12% of Basic Pay: 251844 + DA amount: 122)',
        'Deduction Amount': 2900
      },
      {
        'Deduction Name': 'PT (Basic Pay: 251844 is above 66666)',
        'Deduction Amount': 120
      },
      {
        'Deduction Name': 'ESIC (Basic Pay: 251844 * 0.0175)',
        'Deduction Amount': 550
      }
    ]
  },
  level: 'info',
  message: 'Calculated Net Pay',
  timestamp: '3/5/2024, 1:09:55 pm'
}
{
  data: {
    'Employee ID': 'EMP912e410',
    Name: 'Anurag Mirash Toppo',
    'Gross Pay': 145818,
    'Leave Days': 0,
    'Non billable hours': '0 hr',
    'Present Days': 27,
    'LWP Days': 0,
    'Last month LWP deduction': '0 (LWP days last month : 0 * 8 * Salary per hour : 675.0833333333334)',
    'Salary Deducted': 0,
    'Net Pay': 141748,
    'Basic Pay': 145208,
    'Grade Pay': 1902,
    Allowances: [
      { 'Allowance Name': 'DA', 'Allowance Amount': 122 },
      { 'Allowance Name': 'HRA', 'Allowance Amount': 122 },
      { 'Allowance Name': 'DP(A)', 'Allowance Amount': 122 },
      { 'Allowance Name': 'IR(A)', 'Allowance Amount': 122 },
      { 'Allowance Name': 'SP(A)', 'Allowance Amount': 122 }
    ],
    Deductions: [
      { 'Deduction Name': 'GPF', 'Deduction Amount': 500 },
      {
        'Deduction Name': 'EPF (12% of Basic Pay: 145208 + DA amount: 122)',
        'Deduction Amount': 2900
      },
      {
        'Deduction Name': 'PT (Basic Pay: 145208 is above 66666)',
        'Deduction Amount': 120
      },
      {
        'Deduction Name': 'ESIC (Basic Pay: 145208 * 0.0175)',
        'Deduction Amount': 550
      }
    ]
  },
  level: 'info',
  message: 'Calculated Net Pay',
  timestamp: '3/5/2024, 1:09:55 pm'
}
{
  data: {
    'Employee ID': 'EMP912e44',
    Name: 'DAVID ORIYA',
    'Gross Pay': 164444,
    'Leave Days': 0,
    'Non billable hours': '0 hr',
    'Present Days': 27,
    'LWP Days': 0,
    'Last month LWP deduction': '0 (LWP days last month : 0 * 8 * Salary per hour : 761.3148148148148)',
    'Salary Deducted': 0,
    'Net Pay': 160374,
    'Basic Pay': 163834,
    'Grade Pay': 2952,
    Allowances: [
      { 'Allowance Name': 'DA', 'Allowance Amount': 122 },
      { 'Allowance Name': 'HRA', 'Allowance Amount': 122 },
      { 'Allowance Name': 'DP(A)', 'Allowance Amount': 122 },
      { 'Allowance Name': 'IR(A)', 'Allowance Amount': 122 },
      { 'Allowance Name': 'SP(A)', 'Allowance Amount': 122 }
    ],
    Deductions: [
      { 'Deduction Name': 'GPF', 'Deduction Amount': 500 },
      {
        'Deduction Name': 'EPF (12% of Basic Pay: 163834 + DA amount: 122)',
        'Deduction Amount': 2900
      },
      {
        'Deduction Name': 'PT (Basic Pay: 163834 is above 66666)',
        'Deduction Amount': 120
      },
      {
        'Deduction Name': 'ESIC (Basic Pay: 163834 * 0.0175)',
        'Deduction Amount': 550
      }
    ]
  },
  level: 'info',
  message: 'Calculated Net Pay',
  timestamp: '3/5/2024, 1:09:55 pm'
}
{
  data: {
    'Employee ID': 'EMP912e417',
    Name: 'KUMARI LALITA MAHATO',
    'Gross Pay': 263328,
    'Leave Days': 0,
    'Non billable hours': '0 hr',
    'Present Days': 27,
    'LWP Days': 0,
    'Last month LWP deduction': '0 (LWP days last month : 0 * 8 * Salary per hour : 1219.111111111111)',
    'Salary Deducted': 0,
    'Net Pay': 259258,
    'Basic Pay': 262718,
    'Grade Pay': 2933,
    Allowances: [
      { 'Allowance Name': 'DA', 'Allowance Amount': 122 },
      { 'Allowance Name': 'HRA', 'Allowance Amount': 122 },
      { 'Allowance Name': 'DP(A)', 'Allowance Amount': 122 },
      { 'Allowance Name': 'IR(A)', 'Allowance Amount': 122 },
      { 'Allowance Name': 'SP(A)', 'Allowance Amount': 122 }
    ],
    Deductions: [
      { 'Deduction Name': 'GPF', 'Deduction Amount': 500 },
      {
        'Deduction Name': 'EPF (12% of Basic Pay: 262718 + DA amount: 122)',
        'Deduction Amount': 2900
      },
      {
        'Deduction Name': 'PT (Basic Pay: 262718 is above 66666)',
        'Deduction Amount': 120
      },
      {
        'Deduction Name': 'ESIC (Basic Pay: 262718 * 0.0175)',
        'Deduction Amount': 550
      }
    ]
  },
  level: 'info',
  message: 'Calculated Net Pay',
  timestamp: '3/5/2024, 1:09:55 pm'
}
{
  data: {
    'Employee ID': 'EMP912e42',
    Name: 'BIJAY KUMAR MAHATO',
    'Gross Pay': 280198,
    'Leave Days': 0,
    'Non billable hours': '0 hr',
    'Present Days': 27,
    'LWP Days': 0,
    'Last month LWP deduction': '0 (LWP days last month : 0 * 8 * Salary per hour : 1297.212962962963)',
    'Salary Deducted': 0,
    'Net Pay': 276128,
    'Basic Pay': 279588,
    'Grade Pay': 2621,
    Allowances: [
      { 'Allowance Name': 'DA', 'Allowance Amount': 122 },
      { 'Allowance Name': 'HRA', 'Allowance Amount': 122 },
      { 'Allowance Name': 'DP(A)', 'Allowance Amount': 122 },
      { 'Allowance Name': 'IR(A)', 'Allowance Amount': 122 },
      { 'Allowance Name': 'SP(A)', 'Allowance Amount': 122 }
    ],
    Deductions: [
      { 'Deduction Name': 'GPF', 'Deduction Amount': 500 },
      {
        'Deduction Name': 'EPF (12% of Basic Pay: 279588 + DA amount: 122)',
        'Deduction Amount': 2900
      },
      {
        'Deduction Name': 'PT (Basic Pay: 279588 is above 66666)',
        'Deduction Amount': 120
      },
      {
        'Deduction Name': 'ESIC (Basic Pay: 279588 * 0.0175)',
        'Deduction Amount': 550
      }
    ]
  },
  level: 'info',
  message: 'Calculated Net Pay',
  timestamp: '3/5/2024, 1:09:55 pm'
}
{
  data: {
    'Employee ID': 'EMP912e415',
    Name: 'ROHIT RAHUL SAMAD',
    'Gross Pay': 58940,
    'Leave Days': 0,
    'Non billable hours': '0 hr',
    'Present Days': 27,
    'LWP Days': 0,
    'Last month LWP deduction': '0 (LWP days last month : 0 * 8 * Salary per hour : 272.8703703703704)',
    'Salary Deducted': 0,
    'Net Pay': 54870,
    'Basic Pay': 58330,
    'Grade Pay': 2157,
    Allowances: [
      { 'Allowance Name': 'DA', 'Allowance Amount': 122 },
      { 'Allowance Name': 'HRA', 'Allowance Amount': 122 },
      { 'Allowance Name': 'DP(A)', 'Allowance Amount': 122 },
      { 'Allowance Name': 'IR(A)', 'Allowance Amount': 122 },
      { 'Allowance Name': 'SP(A)', 'Allowance Amount': 122 }
    ],
    Deductions: [
      { 'Deduction Name': 'GPF', 'Deduction Amount': 500 },
      {
        'Deduction Name': 'EPF (12% of Basic Pay: 58330 + DA amount: 122)',
        'Deduction Amount': 2900
      },
      {
        'Deduction Name': 'PT (Basic Pay: 58330 is between 41667 and 66666)',
        'Deduction Amount': 120
      },
      {
        'Deduction Name': 'ESIC (Basic Pay: 58330 * 0.0175)',
        'Deduction Amount': 550
      }
    ]
  },
  level: 'info',
  message: 'Calculated Net Pay',
  timestamp: '3/5/2024, 1:09:55 pm'
}
{
  data: {
    'Employee ID': 'EMP912e419',
    Name: 'ANANJAY KUMAR',
    'Gross Pay': 166909,
    'Leave Days': 0,
    'Non billable hours': '0 hr',
    'Present Days': 27,
    'LWP Days': 0,
    'Last month LWP deduction': '0 (LWP days last month : 0 * 8 * Salary per hour : 772.7268518518518)',
    'Salary Deducted': 0,
    'Net Pay': 162839,
    'Basic Pay': 166299,
    'Grade Pay': 2540,
    Allowances: [
      { 'Allowance Name': 'DA', 'Allowance Amount': 122 },
      { 'Allowance Name': 'HRA', 'Allowance Amount': 122 },
      { 'Allowance Name': 'DP(A)', 'Allowance Amount': 122 },
      { 'Allowance Name': 'IR(A)', 'Allowance Amount': 122 },
      { 'Allowance Name': 'SP(A)', 'Allowance Amount': 122 }
    ],
    Deductions: [
      { 'Deduction Name': 'GPF', 'Deduction Amount': 500 },
      {
        'Deduction Name': 'EPF (12% of Basic Pay: 166299 + DA amount: 122)',
        'Deduction Amount': 2900
      },
      {
        'Deduction Name': 'PT (Basic Pay: 166299 is above 66666)',
        'Deduction Amount': 120
      },
      {
        'Deduction Name': 'ESIC (Basic Pay: 166299 * 0.0175)',
        'Deduction Amount': 550
      }
    ]
  },
  level: 'info',
  message: 'Calculated Net Pay',
  timestamp: '3/5/2024, 1:09:55 pm'
}
{
  data: {
    'Employee ID': 'EMP912e45',
    Name: 'UPENDRA THAKUR',
    'Gross Pay': 110168,
    'Leave Days': 0,
    'Non billable hours': '0 hr',
    'Present Days': 27,
    'LWP Days': 0,
    'Last month LWP deduction': '0 (LWP days last month : 0 * 8 * Salary per hour : 510.037037037037)',
    'Salary Deducted': 0,
    'Net Pay': 106098,
    'Basic Pay': 109558,
    'Grade Pay': 2127,
    Allowances: [
      { 'Allowance Name': 'DA', 'Allowance Amount': 122 },
      { 'Allowance Name': 'HRA', 'Allowance Amount': 122 },
      { 'Allowance Name': 'DP(A)', 'Allowance Amount': 122 },
      { 'Allowance Name': 'IR(A)', 'Allowance Amount': 122 },
      { 'Allowance Name': 'SP(A)', 'Allowance Amount': 122 }
    ],
    Deductions: [
      { 'Deduction Name': 'GPF', 'Deduction Amount': 500 },
      {
        'Deduction Name': 'EPF (12% of Basic Pay: 109558 + DA amount: 122)',
        'Deduction Amount': 2900
      },
      {
        'Deduction Name': 'PT (Basic Pay: 109558 is above 66666)',
        'Deduction Amount': 120
      },
      {
        'Deduction Name': 'ESIC (Basic Pay: 109558 * 0.0175)',
        'Deduction Amount': 550
      }
    ]
  },
  level: 'info',
  message: 'Calculated Net Pay',
  timestamp: '3/5/2024, 1:09:55 pm'
}
{
  data: {
    'Employee ID': 'EMPc5d7c2',
    Name: 'werwer  werewr',
    'Gross Pay': 26236564.64,
    'Leave Days': 0,
    'Non billable hours': '216 hr',
    'Present Days': 0,
    'LWP Days': 27,
    'Last month LWP deduction': '0 (LWP days last month : 0 * 8 * Salary per hour : 121465.57703703704)',
    'Salary Deducted': 26236564,
    'Net Pay': 0,
    'Basic Pay': 23423422,
    'Grade Pay': 32432432,
    Allowances: [
      { 'Allowance Name': 'DA', 'Allowance Amount': 2810810.64 },
      { 'Allowance Name': 'HRA', 'Allowance Amount': 2332 }
    ],
    Deductions: [
      { 'Deduction Name': 'GPF', 'Deduction Amount': 234432 },
      {
        'Deduction Name': 'EPF (12% of Basic Pay: 23423422 + DA amount: 2810810.64)',
        'Deduction Amount': 3148108
      }
    ]
  },
  level: 'info',
  message: 'Calculated Net Pay',
  timestamp: '3/5/2024, 1:09:55 pm'
}
{
  data: {
    'Employee ID': 'EMP912e422',
    Name: 'DINESH MUKHI',
    'Gross Pay': 43001,
    'Leave Days': 0,
    'Non billable hours': '0 hr',
    'Present Days': 27,
    'LWP Days': 0,
    'Last month LWP deduction': '0 (LWP days last month : 0 * 8 * Salary per hour : 199.0787037037037)',
    'Salary Deducted': 0,
    'Net Pay': 38931,
    'Basic Pay': 42391,
    'Grade Pay': 1721,
    Allowances: [
      { 'Allowance Name': 'DA', 'Allowance Amount': 122 },
      { 'Allowance Name': 'HRA', 'Allowance Amount': 122 },
      { 'Allowance Name': 'DP(A)', 'Allowance Amount': 122 },
      { 'Allowance Name': 'IR(A)', 'Allowance Amount': 122 },
      { 'Allowance Name': 'SP(A)', 'Allowance Amount': 122 }
    ],
    Deductions: [
      { 'Deduction Name': 'GPF', 'Deduction Amount': 500 },
      {
        'Deduction Name': 'EPF (12% of Basic Pay: 42391 + DA amount: 122)',
        'Deduction Amount': 2900
      },
      {
        'Deduction Name': 'PT (Basic Pay: 42391 is between 41667 and 66666)',
        'Deduction Amount': 120
      },
      {
        'Deduction Name': 'ESIC (Basic Pay: 42391 * 0.0175)',
        'Deduction Amount': 550
      }
    ]
  },
  level: 'info',
  message: 'Calculated Net Pay',
  timestamp: '3/5/2024, 1:09:55 pm'
}
{
  data: {
    'Employee ID': 'EMP912e421',
    Name: 'ARUN HARIJAN',
    'Gross Pay': 133281,
    'Leave Days': 0,
    'Non billable hours': '0 hr',
    'Present Days': 27,
    'LWP Days': 0,
    'Last month LWP deduction': '0 (LWP days last month : 0 * 8 * Salary per hour : 617.0416666666666)',
    'Salary Deducted': 0,
    'Net Pay': 129211,
    'Basic Pay': 132671,
    'Grade Pay': 1584,
    Allowances: [
      { 'Allowance Name': 'DA', 'Allowance Amount': 122 },
      { 'Allowance Name': 'HRA', 'Allowance Amount': 122 },
      { 'Allowance Name': 'DP(A)', 'Allowance Amount': 122 },
      { 'Allowance Name': 'IR(A)', 'Allowance Amount': 122 },
      { 'Allowance Name': 'SP(A)', 'Allowance Amount': 122 }
    ],
    Deductions: [
      { 'Deduction Name': 'GPF', 'Deduction Amount': 500 },
      {
        'Deduction Name': 'EPF (12% of Basic Pay: 132671 + DA amount: 122)',
        'Deduction Amount': 2900
      },
      {
        'Deduction Name': 'PT (Basic Pay: 132671 is above 66666)',
        'Deduction Amount': 120
      },
      {
        'Deduction Name': 'ESIC (Basic Pay: 132671 * 0.0175)',
        'Deduction Amount': 550
      }
    ]
  },
  level: 'info',
  message: 'Calculated Net Pay',
  timestamp: '3/5/2024, 1:09:55 pm'
}
{
  data: {
    'Employee ID': 'EMP912e43',
    Name: 'KAUSHLESH KUMAR',
    'Gross Pay': 122417,
    'Leave Days': 0,
    'Non billable hours': '0 hr',
    'Present Days': 27,
    'LWP Days': 0,
    'Last month LWP deduction': '0 (LWP days last month : 0 * 8 * Salary per hour : 566.7453703703703)',
    'Salary Deducted': 0,
    'Net Pay': 118347,
    'Basic Pay': 121807,
    'Grade Pay': 1543,
    Allowances: [
      { 'Allowance Name': 'DA', 'Allowance Amount': 122 },
      { 'Allowance Name': 'HRA', 'Allowance Amount': 122 },
      { 'Allowance Name': 'DP(A)', 'Allowance Amount': 122 },
      { 'Allowance Name': 'IR(A)', 'Allowance Amount': 122 },
      { 'Allowance Name': 'SP(A)', 'Allowance Amount': 122 }
    ],
    Deductions: [
      { 'Deduction Name': 'GPF', 'Deduction Amount': 500 },
      {
        'Deduction Name': 'EPF (12% of Basic Pay: 121807 + DA amount: 122)',
        'Deduction Amount': 2900
      },
      {
        'Deduction Name': 'PT (Basic Pay: 121807 is above 66666)',
        'Deduction Amount': 120
      },
      {
        'Deduction Name': 'ESIC (Basic Pay: 121807 * 0.0175)',
        'Deduction Amount': 550
      }
    ]
  },
  level: 'info',
  message: 'Calculated Net Pay',
  timestamp: '3/5/2024, 1:09:55 pm'
}
{
  data: {
    'Employee ID': 'EMP912e420',
    Name: 'ANUP MISHRA',
    'Gross Pay': 248458,
    'Leave Days': 0,
    'Non billable hours': '0 hr',
    'Present Days': 27,
    'LWP Days': 0,
    'Last month LWP deduction': '0 (LWP days last month : 0 * 8 * Salary per hour : 1150.2685185185185)',
    'Salary Deducted': 0,
    'Net Pay': 244388,
    'Basic Pay': 247848,
    'Grade Pay': 1358,
    Allowances: [
      { 'Allowance Name': 'DA', 'Allowance Amount': 122 },
      { 'Allowance Name': 'HRA', 'Allowance Amount': 122 },
      { 'Allowance Name': 'DP(A)', 'Allowance Amount': 122 },
      { 'Allowance Name': 'IR(A)', 'Allowance Amount': 122 },
      { 'Allowance Name': 'SP(A)', 'Allowance Amount': 122 }
    ],
    Deductions: [
      { 'Deduction Name': 'GPF', 'Deduction Amount': 500 },
      {
        'Deduction Name': 'EPF (12% of Basic Pay: 247848 + DA amount: 122)',
        'Deduction Amount': 2900
      },
      {
        'Deduction Name': 'PT (Basic Pay: 247848 is above 66666)',
        'Deduction Amount': 120
      },
      {
        'Deduction Name': 'ESIC (Basic Pay: 247848 * 0.0175)',
        'Deduction Amount': 550
      }
    ]
  },
  level: 'info',
  message: 'Calculated Net Pay',
  timestamp: '3/5/2024, 1:09:55 pm'
}
{
  data: {
    'Employee ID': 'EMP912e48',
    Name: 'PURNAMI DEVI',
    'Gross Pay': 143296,
    'Leave Days': 0,
    'Non billable hours': '0 hr',
    'Present Days': 27,
    'LWP Days': 0,
    'Last month LWP deduction': '0 (LWP days last month : 0 * 8 * Salary per hour : 663.4074074074074)',
    'Salary Deducted': 0,
    'Net Pay': 139226,
    'Basic Pay': 142686,
    'Grade Pay': 2762,
    Allowances: [
      { 'Allowance Name': 'DA', 'Allowance Amount': 122 },
      { 'Allowance Name': 'HRA', 'Allowance Amount': 122 },
      { 'Allowance Name': 'DP(A)', 'Allowance Amount': 122 },
      { 'Allowance Name': 'IR(A)', 'Allowance Amount': 122 },
      { 'Allowance Name': 'SP(A)', 'Allowance Amount': 122 }
    ],
    Deductions: [
      { 'Deduction Name': 'GPF', 'Deduction Amount': 500 },
      {
        'Deduction Name': 'EPF (12% of Basic Pay: 142686 + DA amount: 122)',
        'Deduction Amount': 2900
      },
      {
        'Deduction Name': 'PT (Basic Pay: 142686 is above 66666)',
        'Deduction Amount': 120
      },
      {
        'Deduction Name': 'ESIC (Basic Pay: 142686 * 0.0175)',
        'Deduction Amount': 550
      }
    ]
  },
  level: 'info',
  message: 'Calculated Net Pay',
  timestamp: '3/5/2024, 1:09:55 pm'
}
{
  data: {
    'Employee ID': 'EMP912e411',
    Name: 'DEBASHIS PRADHAN',
    'Gross Pay': 36699,
    'Leave Days': 0,
    'Non billable hours': '0 hr',
    'Present Days': 27,
    'LWP Days': 0,
    'Last month LWP deduction': '0 (LWP days last month : 0 * 8 * Salary per hour : 169.90277777777777)',
    'Salary Deducted': 0,
    'Net Pay': 32629,
    'Basic Pay': 36089,
    'Grade Pay': 2566,
    Allowances: [
      { 'Allowance Name': 'DA', 'Allowance Amount': 122 },
      { 'Allowance Name': 'HRA', 'Allowance Amount': 122 },
      { 'Allowance Name': 'DP(A)', 'Allowance Amount': 122 },
      { 'Allowance Name': 'IR(A)', 'Allowance Amount': 122 },
      { 'Allowance Name': 'SP(A)', 'Allowance Amount': 122 }
    ],
    Deductions: [
      { 'Deduction Name': 'GPF', 'Deduction Amount': 500 },
      {
        'Deduction Name': 'EPF (12% of Basic Pay: 36089 + DA amount: 122)',
        'Deduction Amount': 2900
      },
      {
        'Deduction Name': 'PT (Basic Pay: 36089 is between 25001 and 41666)',
        'Deduction Amount': 120
      },
      {
        'Deduction Name': 'ESIC (Basic Pay: 36089 * 0.0175)',
        'Deduction Amount': 550
      }
    ]
  },
  level: 'info',
  message: 'Calculated Net Pay',
  timestamp: '3/5/2024, 1:09:55 pm'
}
{
  data: {
    'Employee ID': 'EMP912e420',
    Name: 'ANUP MISHRA',
    'Gross Pay': 72074,
    'Leave Days': 0,
    'Non billable hours': '208 hr',
    'Present Days': 0,
    'LWP Days': 26,
    'Last month LWP deduction': '0 (LWP days last month : 0 * 8 * Salary per hour : 346.50961538461536)',
    'Salary Deducted': 72074,
    'Net Pay': 0,
    'Basic Pay': 71464,
    'Grade Pay': 2322,
    Allowances: [
      { 'Allowance Name': 'DA', 'Allowance Amount': 122 },
      { 'Allowance Name': 'HRA', 'Allowance Amount': 122 },
      { 'Allowance Name': 'DP(A)', 'Allowance Amount': 122 },
      { 'Allowance Name': 'IR(A)', 'Allowance Amount': 122 },
      { 'Allowance Name': 'SP(A)', 'Allowance Amount': 122 }
    ],
    Deductions: [
      { 'Deduction Name': 'GPF', 'Deduction Amount': 500 },
      {
        'Deduction Name': 'EPF (12% of Basic Pay: 71464 + DA amount: 122)',
        'Deduction Amount': 2900
      },
      {
        'Deduction Name': 'PT (Basic Pay: 71464 is above 66666)',
        'Deduction Amount': 120
      },
      {
        'Deduction Name': 'ESIC (Basic Pay: 71464 * 0.0175)',
        'Deduction Amount': 550
      }
    ]
  },
  level: 'info',
  message: 'Calculated Net Pay',
  timestamp: '5/26/2024, 12:38:54 AM'
}
{
  data: {
    'Employee ID': 'EMP912e410',
    Name: 'Anurag Mirash Toppo',
    'Gross Pay': 30790,
    'Leave Days': 0,
    'Non billable hours': '208 hr',
    'Present Days': 0,
    'LWP Days': 26,
    'Last month LWP deduction': '0 (LWP days last month : 0 * 8 * Salary per hour : 148.02884615384616)',
    'Salary Deducted': 30790,
    'Net Pay': 0,
    'Basic Pay': 30180,
    'Grade Pay': 1914,
    Allowances: [
      { 'Allowance Name': 'DA', 'Allowance Amount': 122 },
      { 'Allowance Name': 'HRA', 'Allowance Amount': 122 },
      { 'Allowance Name': 'DP(A)', 'Allowance Amount': 122 },
      { 'Allowance Name': 'IR(A)', 'Allowance Amount': 122 },
      { 'Allowance Name': 'SP(A)', 'Allowance Amount': 122 }
    ],
    Deductions: [
      { 'Deduction Name': 'GPF', 'Deduction Amount': 500 },
      {
        'Deduction Name': 'EPF (12% of Basic Pay: 30180 + DA amount: 122)',
        'Deduction Amount': 2900
      },
      {
        'Deduction Name': 'PT (Basic Pay: 30180 is between 25001 and 41666)',
        'Deduction Amount': 120
      },
      {
        'Deduction Name': 'ESIC (Basic Pay: 30180 * 0.0175)',
        'Deduction Amount': 550
      }
    ]
  },
  level: 'info',
  message: 'Calculated Net Pay',
  timestamp: '5/26/2024, 12:38:54 AM'
}
{
  data: {
    'Employee ID': 'EMP912e43',
    Name: 'KAUSHLESH KUMAR',
    'Gross Pay': 68441,
    'Leave Days': 0,
    'Non billable hours': '208 hr',
    'Present Days': 0,
    'LWP Days': 26,
    'Last month LWP deduction': '0 (LWP days last month : 0 * 8 * Salary per hour : 329.0432692307692)',
    'Salary Deducted': 68441,
    'Net Pay': 0,
    'Basic Pay': 67831,
    'Grade Pay': 1194,
    Allowances: [
      { 'Allowance Name': 'DA', 'Allowance Amount': 122 },
      { 'Allowance Name': 'HRA', 'Allowance Amount': 122 },
      { 'Allowance Name': 'DP(A)', 'Allowance Amount': 122 },
      { 'Allowance Name': 'IR(A)', 'Allowance Amount': 122 },
      { 'Allowance Name': 'SP(A)', 'Allowance Amount': 122 }
    ],
    Deductions: [
      { 'Deduction Name': 'GPF', 'Deduction Amount': 500 },
      {
        'Deduction Name': 'EPF (12% of Basic Pay: 67831 + DA amount: 122)',
        'Deduction Amount': 2900
      },
      {
        'Deduction Name': 'PT (Basic Pay: 67831 is above 66666)',
        'Deduction Amount': 120
      },
      {
        'Deduction Name': 'ESIC (Basic Pay: 67831 * 0.0175)',
        'Deduction Amount': 550
      }
    ]
  },
  level: 'info',
  message: 'Calculated Net Pay',
  timestamp: '5/26/2024, 12:38:54 AM'
}
{
  data: {
    'Employee ID': 'EMP912e423',
    Name: 'JAGANNATH MUKHI',
    'Gross Pay': 79923,
    'Leave Days': 0,
    'Non billable hours': '208 hr',
    'Present Days': 0,
    'LWP Days': 26,
    'Last month LWP deduction': '0 (LWP days last month : 0 * 8 * Salary per hour : 384.2451923076923)',
    'Salary Deducted': 79923,
    'Net Pay': 0,
    'Basic Pay': 79313,
    'Grade Pay': 1140,
    Allowances: [
      { 'Allowance Name': 'DA', 'Allowance Amount': 122 },
      { 'Allowance Name': 'HRA', 'Allowance Amount': 122 },
      { 'Allowance Name': 'DP(A)', 'Allowance Amount': 122 },
      { 'Allowance Name': 'IR(A)', 'Allowance Amount': 122 },
      { 'Allowance Name': 'SP(A)', 'Allowance Amount': 122 }
    ],
    Deductions: [
      { 'Deduction Name': 'GPF', 'Deduction Amount': 500 },
      {
        'Deduction Name': 'EPF (12% of Basic Pay: 79313 + DA amount: 122)',
        'Deduction Amount': 2900
      },
      {
        'Deduction Name': 'PT (Basic Pay: 79313 is above 66666)',
        'Deduction Amount': 120
      },
      {
        'Deduction Name': 'ESIC (Basic Pay: 79313 * 0.0175)',
        'Deduction Amount': 550
      }
    ]
  },
  level: 'info',
  message: 'Calculated Net Pay',
  timestamp: '5/26/2024, 12:38:54 AM'
}
{
  data: {
    'Employee ID': 'EMP912e45',
    Name: 'UPENDRA THAKUR',
    'Gross Pay': 68672,
    'Leave Days': 0,
    'Non billable hours': '208 hr',
    'Present Days': 0,
    'LWP Days': 26,
    'Last month LWP deduction': '0 (LWP days last month : 0 * 8 * Salary per hour : 330.15384615384613)',
    'Salary Deducted': 68672,
    'Net Pay': 0,
    'Basic Pay': 68062,
    'Grade Pay': 1373,
    Allowances: [
      { 'Allowance Name': 'DA', 'Allowance Amount': 122 },
      { 'Allowance Name': 'HRA', 'Allowance Amount': 122 },
      { 'Allowance Name': 'DP(A)', 'Allowance Amount': 122 },
      { 'Allowance Name': 'IR(A)', 'Allowance Amount': 122 },
      { 'Allowance Name': 'SP(A)', 'Allowance Amount': 122 }
    ],
    Deductions: [
      { 'Deduction Name': 'GPF', 'Deduction Amount': 500 },
      {
        'Deduction Name': 'EPF (12% of Basic Pay: 68062 + DA amount: 122)',
        'Deduction Amount': 2900
      },
      {
        'Deduction Name': 'PT (Basic Pay: 68062 is above 66666)',
        'Deduction Amount': 120
      },
      {
        'Deduction Name': 'ESIC (Basic Pay: 68062 * 0.0175)',
        'Deduction Amount': 550
      }
    ]
  },
  level: 'info',
  message: 'Calculated Net Pay',
  timestamp: '5/26/2024, 12:38:54 AM'
}
{
  data: {
    'Employee ID': 'EMP912e46',
    Name: 'MANGAL CHANDRA MARDY',
    'Gross Pay': 35751,
    'Leave Days': 0,
    'Non billable hours': '208 hr',
    'Present Days': 0,
    'LWP Days': 26,
    'Last month LWP deduction': '0 (LWP days last month : 0 * 8 * Salary per hour : 171.87980769230768)',
    'Salary Deducted': 35751,
    'Net Pay': 0,
    'Basic Pay': 35141,
    'Grade Pay': 1296,
    Allowances: [
      { 'Allowance Name': 'DA', 'Allowance Amount': 122 },
      { 'Allowance Name': 'HRA', 'Allowance Amount': 122 },
      { 'Allowance Name': 'DP(A)', 'Allowance Amount': 122 },
      { 'Allowance Name': 'IR(A)', 'Allowance Amount': 122 },
      { 'Allowance Name': 'SP(A)', 'Allowance Amount': 122 }
    ],
    Deductions: [
      { 'Deduction Name': 'GPF', 'Deduction Amount': 500 },
      {
        'Deduction Name': 'EPF (12% of Basic Pay: 35141 + DA amount: 122)',
        'Deduction Amount': 2900
      },
      {
        'Deduction Name': 'PT (Basic Pay: 35141 is between 25001 and 41666)',
        'Deduction Amount': 120
      },
      {
        'Deduction Name': 'ESIC (Basic Pay: 35141 * 0.0175)',
        'Deduction Amount': 550
      }
    ]
  },
  level: 'info',
  message: 'Calculated Net Pay',
  timestamp: '5/26/2024, 12:38:54 AM'
}
{
  data: {
    'Employee ID': 'EMP912e418',
    Name: 'RAMESH KUMAR',
    'Gross Pay': 41109,
    'Leave Days': 0,
    'Non billable hours': '208 hr',
    'Present Days': 0,
    'LWP Days': 26,
    'Last month LWP deduction': '0 (LWP days last month : 0 * 8 * Salary per hour : 197.63942307692307)',
    'Salary Deducted': 41109,
    'Net Pay': 0,
    'Basic Pay': 40499,
    'Grade Pay': 1201,
    Allowances: [
      { 'Allowance Name': 'DA', 'Allowance Amount': 122 },
      { 'Allowance Name': 'HRA', 'Allowance Amount': 122 },
      { 'Allowance Name': 'DP(A)', 'Allowance Amount': 122 },
      { 'Allowance Name': 'IR(A)', 'Allowance Amount': 122 },
      { 'Allowance Name': 'SP(A)', 'Allowance Amount': 122 }
    ],
    Deductions: [
      { 'Deduction Name': 'GPF', 'Deduction Amount': 500 },
      {
        'Deduction Name': 'EPF (12% of Basic Pay: 40499 + DA amount: 122)',
        'Deduction Amount': 2900
      },
      {
        'Deduction Name': 'PT (Basic Pay: 40499 is between 25001 and 41666)',
        'Deduction Amount': 120
      },
      {
        'Deduction Name': 'ESIC (Basic Pay: 40499 * 0.0175)',
        'Deduction Amount': 550
      }
    ]
  },
  level: 'info',
  message: 'Calculated Net Pay',
  timestamp: '5/26/2024, 12:38:54 AM'
}
{
  data: {
    'Employee ID': 'EMP912e416',
    Name: 'SHAFIUR RAHMAN',
    'Gross Pay': 42839,
    'Leave Days': 0,
    'Non billable hours': '208 hr',
    'Present Days': 0,
    'LWP Days': 26,
    'Last month LWP deduction': '0 (LWP days last month : 0 * 8 * Salary per hour : 205.95673076923077)',
    'Salary Deducted': 42839,
    'Net Pay': 0,
    'Basic Pay': 42229,
    'Grade Pay': 2683,
    Allowances: [
      { 'Allowance Name': 'DA', 'Allowance Amount': 122 },
      { 'Allowance Name': 'HRA', 'Allowance Amount': 122 },
      { 'Allowance Name': 'DP(A)', 'Allowance Amount': 122 },
      { 'Allowance Name': 'IR(A)', 'Allowance Amount': 122 },
      { 'Allowance Name': 'SP(A)', 'Allowance Amount': 122 }
    ],
    Deductions: [
      { 'Deduction Name': 'GPF', 'Deduction Amount': 500 },
      {
        'Deduction Name': 'EPF (12% of Basic Pay: 42229 + DA amount: 122)',
        'Deduction Amount': 2900
      },
      {
        'Deduction Name': 'PT (Basic Pay: 42229 is between 41667 and 66666)',
        'Deduction Amount': 120
      },
      {
        'Deduction Name': 'ESIC (Basic Pay: 42229 * 0.0175)',
        'Deduction Amount': 550
      }
    ]
  },
  level: 'info',
  message: 'Calculated Net Pay',
  timestamp: '5/26/2024, 12:38:54 AM'
}
{
  data: {
    'Employee ID': 'EMP912e414',
    Name: 'RAHUL KUMAR',
    'Gross Pay': 41471,
    'Leave Days': 0,
    'Non billable hours': '208 hr',
    'Present Days': 0,
    'LWP Days': 26,
    'Last month LWP deduction': '0 (LWP days last month : 0 * 8 * Salary per hour : 199.37980769230768)',
    'Salary Deducted': 41471,
    'Net Pay': 0,
    'Basic Pay': 40861,
    'Grade Pay': 1341,
    Allowances: [
      { 'Allowance Name': 'DA', 'Allowance Amount': 122 },
      { 'Allowance Name': 'HRA', 'Allowance Amount': 122 },
      { 'Allowance Name': 'DP(A)', 'Allowance Amount': 122 },
      { 'Allowance Name': 'IR(A)', 'Allowance Amount': 122 },
      { 'Allowance Name': 'SP(A)', 'Allowance Amount': 122 }
    ],
    Deductions: [
      { 'Deduction Name': 'GPF', 'Deduction Amount': 500 },
      {
        'Deduction Name': 'EPF (12% of Basic Pay: 40861 + DA amount: 122)',
        'Deduction Amount': 2900
      },
      {
        'Deduction Name': 'PT (Basic Pay: 40861 is between 25001 and 41666)',
        'Deduction Amount': 120
      },
      {
        'Deduction Name': 'ESIC (Basic Pay: 40861 * 0.0175)',
        'Deduction Amount': 550
      }
    ]
  },
  level: 'info',
  message: 'Calculated Net Pay',
  timestamp: '5/26/2024, 12:38:54 AM'
}
{
  data: {
    'Employee ID': 'EMP912e49',
    Name: 'REKHA PANDEY',
    'Gross Pay': 75768,
    'Leave Days': 0,
    'Non billable hours': '208 hr',
    'Present Days': 0,
    'LWP Days': 26,
    'Last month LWP deduction': '0 (LWP days last month : 0 * 8 * Salary per hour : 364.2692307692308)',
    'Salary Deducted': 75768,
    'Net Pay': 0,
    'Basic Pay': 75158,
    'Grade Pay': 2186,
    Allowances: [
      { 'Allowance Name': 'DA', 'Allowance Amount': 122 },
      { 'Allowance Name': 'HRA', 'Allowance Amount': 122 },
      { 'Allowance Name': 'DP(A)', 'Allowance Amount': 122 },
      { 'Allowance Name': 'IR(A)', 'Allowance Amount': 122 },
      { 'Allowance Name': 'SP(A)', 'Allowance Amount': 122 }
    ],
    Deductions: [
      { 'Deduction Name': 'GPF', 'Deduction Amount': 500 },
      {
        'Deduction Name': 'EPF (12% of Basic Pay: 75158 + DA amount: 122)',
        'Deduction Amount': 2900
      },
      {
        'Deduction Name': 'PT (Basic Pay: 75158 is above 66666)',
        'Deduction Amount': 120
      },
      {
        'Deduction Name': 'ESIC (Basic Pay: 75158 * 0.0175)',
        'Deduction Amount': 550
      }
    ]
  },
  level: 'info',
  message: 'Calculated Net Pay',
  timestamp: '5/26/2024, 12:38:54 AM'
}
{
  data: {
    'Employee ID': 'EMP912e412',
    Name: 'JITENDRA KUMAR',
    'Gross Pay': 44868,
    'Leave Days': 0,
    'Non billable hours': '208 hr',
    'Present Days': 0,
    'LWP Days': 26,
    'Last month LWP deduction': '0 (LWP days last month : 0 * 8 * Salary per hour : 215.71153846153845)',
    'Salary Deducted': 44868,
    'Net Pay': 0,
    'Basic Pay': 44258,
    'Grade Pay': 2706,
    Allowances: [
      { 'Allowance Name': 'DA', 'Allowance Amount': 122 },
      { 'Allowance Name': 'HRA', 'Allowance Amount': 122 },
      { 'Allowance Name': 'DP(A)', 'Allowance Amount': 122 },
      { 'Allowance Name': 'IR(A)', 'Allowance Amount': 122 },
      { 'Allowance Name': 'SP(A)', 'Allowance Amount': 122 }
    ],
    Deductions: [
      { 'Deduction Name': 'GPF', 'Deduction Amount': 500 },
      {
        'Deduction Name': 'EPF (12% of Basic Pay: 44258 + DA amount: 122)',
        'Deduction Amount': 2900
      },
      {
        'Deduction Name': 'PT (Basic Pay: 44258 is between 41667 and 66666)',
        'Deduction Amount': 120
      },
      {
        'Deduction Name': 'ESIC (Basic Pay: 44258 * 0.0175)',
        'Deduction Amount': 550
      }
    ]
  },
  level: 'info',
  message: 'Calculated Net Pay',
  timestamp: '5/26/2024, 12:38:54 AM'
}
{
  data: {
    'Employee ID': 'EMP912e422',
    Name: 'DINESH MUKHI',
    'Gross Pay': 61376,
    'Leave Days': 0,
    'Non billable hours': '208 hr',
    'Present Days': 0,
    'LWP Days': 26,
    'Last month LWP deduction': '0 (LWP days last month : 0 * 8 * Salary per hour : 295.0769230769231)',
    'Salary Deducted': 61376,
    'Net Pay': 0,
    'Basic Pay': 60766,
    'Grade Pay': 2587,
    Allowances: [
      { 'Allowance Name': 'DA', 'Allowance Amount': 122 },
      { 'Allowance Name': 'HRA', 'Allowance Amount': 122 },
      { 'Allowance Name': 'DP(A)', 'Allowance Amount': 122 },
      { 'Allowance Name': 'IR(A)', 'Allowance Amount': 122 },
      { 'Allowance Name': 'SP(A)', 'Allowance Amount': 122 }
    ],
    Deductions: [
      { 'Deduction Name': 'GPF', 'Deduction Amount': 500 },
      {
        'Deduction Name': 'EPF (12% of Basic Pay: 60766 + DA amount: 122)',
        'Deduction Amount': 2900
      },
      {
        'Deduction Name': 'PT (Basic Pay: 60766 is between 41667 and 66666)',
        'Deduction Amount': 120
      },
      {
        'Deduction Name': 'ESIC (Basic Pay: 60766 * 0.0175)',
        'Deduction Amount': 550
      }
    ]
  },
  level: 'info',
  message: 'Calculated Net Pay',
  timestamp: '5/26/2024, 12:38:54 AM'
}
{
  data: {
    'Employee ID': 'EMP912e44',
    Name: 'DAVID ORIYA',
    'Gross Pay': 27312,
    'Leave Days': 0,
    'Non billable hours': '208 hr',
    'Present Days': 0,
    'LWP Days': 26,
    'Last month LWP deduction': '0 (LWP days last month : 0 * 8 * Salary per hour : 131.30769230769232)',
    'Salary Deducted': 27312,
    'Net Pay': 0,
    'Basic Pay': 26702,
    'Grade Pay': 2766,
    Allowances: [
      { 'Allowance Name': 'DA', 'Allowance Amount': 122 },
      { 'Allowance Name': 'HRA', 'Allowance Amount': 122 },
      { 'Allowance Name': 'DP(A)', 'Allowance Amount': 122 },
      { 'Allowance Name': 'IR(A)', 'Allowance Amount': 122 },
      { 'Allowance Name': 'SP(A)', 'Allowance Amount': 122 }
    ],
    Deductions: [
      { 'Deduction Name': 'GPF', 'Deduction Amount': 500 },
      {
        'Deduction Name': 'EPF (12% of Basic Pay: 26702 + DA amount: 122)',
        'Deduction Amount': 2900
      },
      {
        'Deduction Name': 'PT (Basic Pay: 26702 is between 25001 and 41666)',
        'Deduction Amount': 120
      },
      {
        'Deduction Name': 'ESIC (Basic Pay: 26702 * 0.0175)',
        'Deduction Amount': 550
      }
    ]
  },
  level: 'info',
  message: 'Calculated Net Pay',
  timestamp: '5/26/2024, 12:38:54 AM'
}
{
  data: {
    'Employee ID': 'EMP912e424',
    Name: 'RAJENDRA MUKHI',
    'Gross Pay': 32516,
    'Leave Days': 0,
    'Non billable hours': '208 hr',
    'Present Days': 0,
    'LWP Days': 26,
    'Last month LWP deduction': '0 (LWP days last month : 0 * 8 * Salary per hour : 156.32692307692307)',
    'Salary Deducted': 32515,
    'Net Pay': 0,
    'Basic Pay': 31906,
    'Grade Pay': 2945,
    Allowances: [
      { 'Allowance Name': 'DA', 'Allowance Amount': 122 },
      { 'Allowance Name': 'HRA', 'Allowance Amount': 122 },
      { 'Allowance Name': 'DP(A)', 'Allowance Amount': 122 },
      { 'Allowance Name': 'IR(A)', 'Allowance Amount': 122 },
      { 'Allowance Name': 'SP(A)', 'Allowance Amount': 122 }
    ],
    Deductions: [
      { 'Deduction Name': 'GPF', 'Deduction Amount': 500 },
      {
        'Deduction Name': 'EPF (12% of Basic Pay: 31906 + DA amount: 122)',
        'Deduction Amount': 2900
      },
      {
        'Deduction Name': 'PT (Basic Pay: 31906 is between 25001 and 41666)',
        'Deduction Amount': 120
      },
      {
        'Deduction Name': 'ESIC (Basic Pay: 31906 * 0.0175)',
        'Deduction Amount': 550
      }
    ]
  },
  level: 'info',
  message: 'Calculated Net Pay',
  timestamp: '5/26/2024, 12:38:54 AM'
}
{
  data: {
    'Employee ID': 'EMP912e42',
    Name: 'BIJAY KUMAR MAHATO',
    'Gross Pay': 61688,
    'Leave Days': 0,
    'Non billable hours': '208 hr',
    'Present Days': 0,
    'LWP Days': 26,
    'Last month LWP deduction': '0 (LWP days last month : 0 * 8 * Salary per hour : 296.5769230769231)',
    'Salary Deducted': 61688,
    'Net Pay': 0,
    'Basic Pay': 61078,
    'Grade Pay': 2764,
    Allowances: [
      { 'Allowance Name': 'DA', 'Allowance Amount': 122 },
      { 'Allowance Name': 'HRA', 'Allowance Amount': 122 },
      { 'Allowance Name': 'DP(A)', 'Allowance Amount': 122 },
      { 'Allowance Name': 'IR(A)', 'Allowance Amount': 122 },
      { 'Allowance Name': 'SP(A)', 'Allowance Amount': 122 }
    ],
    Deductions: [
      { 'Deduction Name': 'GPF', 'Deduction Amount': 500 },
      {
        'Deduction Name': 'EPF (12% of Basic Pay: 61078 + DA amount: 122)',
        'Deduction Amount': 2900
      },
      {
        'Deduction Name': 'PT (Basic Pay: 61078 is between 41667 and 66666)',
        'Deduction Amount': 120
      },
      {
        'Deduction Name': 'ESIC (Basic Pay: 61078 * 0.0175)',
        'Deduction Amount': 550
      }
    ]
  },
  level: 'info',
  message: 'Calculated Net Pay',
  timestamp: '5/26/2024, 12:38:54 AM'
}
{
  data: {
    'Employee ID': 'EMP912e411',
    Name: 'DEBASHIS PRADHAN',
    'Gross Pay': 44374,
    'Leave Days': 0,
    'Non billable hours': '208 hr',
    'Present Days': 0,
    'LWP Days': 26,
    'Last month LWP deduction': '0 (LWP days last month : 0 * 8 * Salary per hour : 213.33653846153845)',
    'Salary Deducted': 44374,
    'Net Pay': 0,
    'Basic Pay': 43764,
    'Grade Pay': 1751,
    Allowances: [
      { 'Allowance Name': 'DA', 'Allowance Amount': 122 },
      { 'Allowance Name': 'HRA', 'Allowance Amount': 122 },
      { 'Allowance Name': 'DP(A)', 'Allowance Amount': 122 },
      { 'Allowance Name': 'IR(A)', 'Allowance Amount': 122 },
      { 'Allowance Name': 'SP(A)', 'Allowance Amount': 122 }
    ],
    Deductions: [
      { 'Deduction Name': 'GPF', 'Deduction Amount': 500 },
      {
        'Deduction Name': 'EPF (12% of Basic Pay: 43764 + DA amount: 122)',
        'Deduction Amount': 2900
      },
      {
        'Deduction Name': 'PT (Basic Pay: 43764 is between 41667 and 66666)',
        'Deduction Amount': 120
      },
      {
        'Deduction Name': 'ESIC (Basic Pay: 43764 * 0.0175)',
        'Deduction Amount': 550
      }
    ]
  },
  level: 'info',
  message: 'Calculated Net Pay',
  timestamp: '5/26/2024, 12:38:54 AM'
}
{
  data: {
    'Employee ID': 'EMP912e41',
    Name: 'AJAY KUMAR',
    'Gross Pay': 60357,
    'Leave Days': 0,
    'Non billable hours': '208 hr',
    'Present Days': 0,
    'LWP Days': 26,
    'Last month LWP deduction': '0 (LWP days last month : 0 * 8 * Salary per hour : 290.17788461538464)',
    'Salary Deducted': 60357,
    'Net Pay': 0,
    'Basic Pay': 59747,
    'Grade Pay': 1156,
    Allowances: [
      { 'Allowance Name': 'DA', 'Allowance Amount': 122 },
      { 'Allowance Name': 'HRA', 'Allowance Amount': 122 },
      { 'Allowance Name': 'DP(A)', 'Allowance Amount': 122 },
      { 'Allowance Name': 'IR(A)', 'Allowance Amount': 122 },
      { 'Allowance Name': 'SP(A)', 'Allowance Amount': 122 }
    ],
    Deductions: [
      { 'Deduction Name': 'GPF', 'Deduction Amount': 500 },
      {
        'Deduction Name': 'EPF (12% of Basic Pay: 59747 + DA amount: 122)',
        'Deduction Amount': 2900
      },
      {
        'Deduction Name': 'PT (Basic Pay: 59747 is between 41667 and 66666)',
        'Deduction Amount': 120
      },
      {
        'Deduction Name': 'ESIC (Basic Pay: 59747 * 0.0175)',
        'Deduction Amount': 550
      }
    ]
  },
  level: 'info',
  message: 'Calculated Net Pay',
  timestamp: '5/26/2024, 12:38:54 AM'
}
{
  data: {
    'Employee ID': 'EMP912e419',
    Name: 'ANANJAY KUMAR',
    'Gross Pay': 58738,
    'Leave Days': 0,
    'Non billable hours': '208 hr',
    'Present Days': 0,
    'LWP Days': 26,
    'Last month LWP deduction': '0 (LWP days last month : 0 * 8 * Salary per hour : 282.3942307692308)',
    'Salary Deducted': 58738,
    'Net Pay': 0,
    'Basic Pay': 58128,
    'Grade Pay': 2974,
    Allowances: [
      { 'Allowance Name': 'DA', 'Allowance Amount': 122 },
      { 'Allowance Name': 'HRA', 'Allowance Amount': 122 },
      { 'Allowance Name': 'DP(A)', 'Allowance Amount': 122 },
      { 'Allowance Name': 'IR(A)', 'Allowance Amount': 122 },
      { 'Allowance Name': 'SP(A)', 'Allowance Amount': 122 }
    ],
    Deductions: [
      { 'Deduction Name': 'GPF', 'Deduction Amount': 500 },
      {
        'Deduction Name': 'EPF (12% of Basic Pay: 58128 + DA amount: 122)',
        'Deduction Amount': 2900
      },
      {
        'Deduction Name': 'PT (Basic Pay: 58128 is between 41667 and 66666)',
        'Deduction Amount': 120
      },
      {
        'Deduction Name': 'ESIC (Basic Pay: 58128 * 0.0175)',
        'Deduction Amount': 550
      }
    ]
  },
  level: 'info',
  message: 'Calculated Net Pay',
  timestamp: '5/26/2024, 12:38:54 AM'
}
{
  data: {
    'Employee ID': 'EMP912e421',
    Name: 'ARUN HARIJAN',
    'Gross Pay': 74629,
    'Leave Days': 0,
    'Non billable hours': '208 hr',
    'Present Days': 0,
    'LWP Days': 26,
    'Last month LWP deduction': '0 (LWP days last month : 0 * 8 * Salary per hour : 358.7932692307692)',
    'Salary Deducted': 74629,
    'Net Pay': 0,
    'Basic Pay': 74019,
    'Grade Pay': 1294,
    Allowances: [
      { 'Allowance Name': 'DA', 'Allowance Amount': 122 },
      { 'Allowance Name': 'HRA', 'Allowance Amount': 122 },
      { 'Allowance Name': 'DP(A)', 'Allowance Amount': 122 },
      { 'Allowance Name': 'IR(A)', 'Allowance Amount': 122 },
      { 'Allowance Name': 'SP(A)', 'Allowance Amount': 122 }
    ],
    Deductions: [
      { 'Deduction Name': 'GPF', 'Deduction Amount': 500 },
      {
        'Deduction Name': 'EPF (12% of Basic Pay: 74019 + DA amount: 122)',
        'Deduction Amount': 2900
      },
      {
        'Deduction Name': 'PT (Basic Pay: 74019 is above 66666)',
        'Deduction Amount': 120
      },
      {
        'Deduction Name': 'ESIC (Basic Pay: 74019 * 0.0175)',
        'Deduction Amount': 550
      }
    ]
  },
  level: 'info',
  message: 'Calculated Net Pay',
  timestamp: '5/26/2024, 12:38:54 AM'
}
{
  data: {
    'Employee ID': 'EMP912e40',
    Name: 'BINEET KUMAR',
    'Gross Pay': 48698,
    'Leave Days': 0,
    'Non billable hours': '208 hr',
    'Present Days': 0,
    'LWP Days': 26,
    'Last month LWP deduction': '0 (LWP days last month : 0 * 8 * Salary per hour : 234.125)',
    'Salary Deducted': 48698,
    'Net Pay': 0,
    'Basic Pay': 48088,
    'Grade Pay': 1385,
    Allowances: [
      { 'Allowance Name': 'DA', 'Allowance Amount': 122 },
      { 'Allowance Name': 'HRA', 'Allowance Amount': 122 },
      { 'Allowance Name': 'DP(A)', 'Allowance Amount': 122 },
      { 'Allowance Name': 'IR(A)', 'Allowance Amount': 122 },
      { 'Allowance Name': 'SP(A)', 'Allowance Amount': 122 }
    ],
    Deductions: [
      { 'Deduction Name': 'GPF', 'Deduction Amount': 500 },
      {
        'Deduction Name': 'EPF (12% of Basic Pay: 48088 + DA amount: 122)',
        'Deduction Amount': 2900
      },
      {
        'Deduction Name': 'PT (Basic Pay: 48088 is between 41667 and 66666)',
        'Deduction Amount': 120
      },
      {
        'Deduction Name': 'ESIC (Basic Pay: 48088 * 0.0175)',
        'Deduction Amount': 550
      }
    ]
  },
  level: 'info',
  message: 'Calculated Net Pay',
  timestamp: '5/26/2024, 12:38:54 AM'
}
{
  data: {
    'Employee ID': 'EMP912e47',
    Name: 'DINESH PRASAD VERMA',
    'Gross Pay': 67033,
    'Leave Days': 0,
    'Non billable hours': '208 hr',
    'Present Days': 0,
    'LWP Days': 26,
    'Last month LWP deduction': '0 (LWP days last month : 0 * 8 * Salary per hour : 322.27403846153845)',
    'Salary Deducted': 67033,
    'Net Pay': 0,
    'Basic Pay': 66423,
    'Grade Pay': 1774,
    Allowances: [
      { 'Allowance Name': 'DA', 'Allowance Amount': 122 },
      { 'Allowance Name': 'HRA', 'Allowance Amount': 122 },
      { 'Allowance Name': 'DP(A)', 'Allowance Amount': 122 },
      { 'Allowance Name': 'IR(A)', 'Allowance Amount': 122 },
      { 'Allowance Name': 'SP(A)', 'Allowance Amount': 122 }
    ],
    Deductions: [
      { 'Deduction Name': 'GPF', 'Deduction Amount': 500 },
      {
        'Deduction Name': 'EPF (12% of Basic Pay: 66423 + DA amount: 122)',
        'Deduction Amount': 2900
      },
      {
        'Deduction Name': 'PT (Basic Pay: 66423 is between 41667 and 66666)',
        'Deduction Amount': 120
      },
      {
        'Deduction Name': 'ESIC (Basic Pay: 66423 * 0.0175)',
        'Deduction Amount': 550
      }
    ]
  },
  level: 'info',
  message: 'Calculated Net Pay',
  timestamp: '5/26/2024, 12:38:54 AM'
}
{
  data: {
    'Employee ID': 'EMP912e413',
    Name: 'MD.MAHFOOJ ALAM',
    'Gross Pay': 65689,
    'Leave Days': 0,
    'Non billable hours': '208 hr',
    'Present Days': 0,
    'LWP Days': 26,
    'Last month LWP deduction': '0 (LWP days last month : 0 * 8 * Salary per hour : 315.8125)',
    'Salary Deducted': 65689,
    'Net Pay': 0,
    'Basic Pay': 65079,
    'Grade Pay': 1324,
    Allowances: [
      { 'Allowance Name': 'DA', 'Allowance Amount': 122 },
      { 'Allowance Name': 'HRA', 'Allowance Amount': 122 },
      { 'Allowance Name': 'DP(A)', 'Allowance Amount': 122 },
      { 'Allowance Name': 'IR(A)', 'Allowance Amount': 122 },
      { 'Allowance Name': 'SP(A)', 'Allowance Amount': 122 }
    ],
    Deductions: [
      { 'Deduction Name': 'GPF', 'Deduction Amount': 500 },
      {
        'Deduction Name': 'EPF (12% of Basic Pay: 65079 + DA amount: 122)',
        'Deduction Amount': 2900
      },
      {
        'Deduction Name': 'PT (Basic Pay: 65079 is between 41667 and 66666)',
        'Deduction Amount': 120
      },
      {
        'Deduction Name': 'ESIC (Basic Pay: 65079 * 0.0175)',
        'Deduction Amount': 550
      }
    ]
  },
  level: 'info',
  message: 'Calculated Net Pay',
  timestamp: '5/26/2024, 12:38:54 AM'
}
{
  data: {
    'Employee ID': 'EMP912e48',
    Name: 'PURNAMI DEVI',
    'Gross Pay': 57529,
    'Leave Days': 0,
    'Non billable hours': '208 hr',
    'Present Days': 0,
    'LWP Days': 26,
    'Last month LWP deduction': '0 (LWP days last month : 0 * 8 * Salary per hour : 276.5817307692308)',
    'Salary Deducted': 57529,
    'Net Pay': 0,
    'Basic Pay': 56919,
    'Grade Pay': 1283,
    Allowances: [
      { 'Allowance Name': 'DA', 'Allowance Amount': 122 },
      { 'Allowance Name': 'HRA', 'Allowance Amount': 122 },
      { 'Allowance Name': 'DP(A)', 'Allowance Amount': 122 },
      { 'Allowance Name': 'IR(A)', 'Allowance Amount': 122 },
      { 'Allowance Name': 'SP(A)', 'Allowance Amount': 122 }
    ],
    Deductions: [
      { 'Deduction Name': 'GPF', 'Deduction Amount': 500 },
      {
        'Deduction Name': 'EPF (12% of Basic Pay: 56919 + DA amount: 122)',
        'Deduction Amount': 2900
      },
      {
        'Deduction Name': 'PT (Basic Pay: 56919 is between 41667 and 66666)',
        'Deduction Amount': 120
      },
      {
        'Deduction Name': 'ESIC (Basic Pay: 56919 * 0.0175)',
        'Deduction Amount': 550
      }
    ]
  },
  level: 'info',
  message: 'Calculated Net Pay',
  timestamp: '5/26/2024, 12:38:54 AM'
}
{
  data: {
    'Employee ID': 'EMP912e415',
    Name: 'ROHIT RAHUL SAMAD',
    'Gross Pay': 73752,
    'Leave Days': 0,
    'Non billable hours': '208 hr',
    'Present Days': 0,
    'LWP Days': 26,
    'Last month LWP deduction': '0 (LWP days last month : 0 * 8 * Salary per hour : 354.5769230769231)',
    'Salary Deducted': 73752,
    'Net Pay': 0,
    'Basic Pay': 73142,
    'Grade Pay': 1968,
    Allowances: [
      { 'Allowance Name': 'DA', 'Allowance Amount': 122 },
      { 'Allowance Name': 'HRA', 'Allowance Amount': 122 },
      { 'Allowance Name': 'DP(A)', 'Allowance Amount': 122 },
      { 'Allowance Name': 'IR(A)', 'Allowance Amount': 122 },
      { 'Allowance Name': 'SP(A)', 'Allowance Amount': 122 }
    ],
    Deductions: [
      { 'Deduction Name': 'GPF', 'Deduction Amount': 500 },
      {
        'Deduction Name': 'EPF (12% of Basic Pay: 73142 + DA amount: 122)',
        'Deduction Amount': 2900
      },
      {
        'Deduction Name': 'PT (Basic Pay: 73142 is above 66666)',
        'Deduction Amount': 120
      },
      {
        'Deduction Name': 'ESIC (Basic Pay: 73142 * 0.0175)',
        'Deduction Amount': 550
      }
    ]
  },
  level: 'info',
  message: 'Calculated Net Pay',
  timestamp: '5/26/2024, 12:38:54 AM'
}
{
  data: {
    'Employee ID': 'EMP912e417',
    Name: 'KUMARI LALITA MAHATO',
    'Gross Pay': 48120,
    'Leave Days': 0,
    'Non billable hours': '208 hr',
    'Present Days': 0,
    'LWP Days': 26,
    'Last month LWP deduction': '0 (LWP days last month : 0 * 8 * Salary per hour : 231.34615384615384)',
    'Salary Deducted': 48120,
    'Net Pay': 0,
    'Basic Pay': 47510,
    'Grade Pay': 1138,
    Allowances: [
      { 'Allowance Name': 'DA', 'Allowance Amount': 122 },
      { 'Allowance Name': 'HRA', 'Allowance Amount': 122 },
      { 'Allowance Name': 'DP(A)', 'Allowance Amount': 122 },
      { 'Allowance Name': 'IR(A)', 'Allowance Amount': 122 },
      { 'Allowance Name': 'SP(A)', 'Allowance Amount': 122 }
    ],
    Deductions: [
      { 'Deduction Name': 'GPF', 'Deduction Amount': 500 },
      {
        'Deduction Name': 'EPF (12% of Basic Pay: 47510 + DA amount: 122)',
        'Deduction Amount': 2900
      },
      {
        'Deduction Name': 'PT (Basic Pay: 47510 is between 41667 and 66666)',
        'Deduction Amount': 120
      },
      {
        'Deduction Name': 'ESIC (Basic Pay: 47510 * 0.0175)',
        'Deduction Amount': 550
      }
    ]
  },
  level: 'info',
  message: 'Calculated Net Pay',
  timestamp: '5/26/2024, 12:38:54 AM'
}
